2014-05-04 23:12:43 



















2014-05-04 23:12:43 Bitcoin version v0.8.7.0-unk-beta (2014-05-03 15:39:26 -0400)
2014-05-04 23:12:43 Using OpenSSL version OpenSSL 1.0.1c 10 May 2012
2014-05-04 23:12:43 Default data directory /home/nimish/.bitcoin
2014-05-04 23:12:43 Using data directory /home/nimish/.bitcoin/testnet3
2014-05-04 23:12:43 Using at most 125 connections (1024 file descriptors available)
2014-05-04 23:12:43 Using 4 threads for script verification
2014-05-04 23:12:43 init message: Verifying wallet...
2014-05-04 23:12:43 dbenv.open LogDir=/home/nimish/.bitcoin/testnet3/database ErrorFile=/home/nimish/.bitcoin/testnet3/db.log
2014-05-04 23:12:43 Unable to bind to [::]:18334 on this computer. Bitcoin is probably already running.
2014-05-04 23:12:43 Unable to bind to 0.0.0.0:18334 on this computer. Bitcoin is probably already running.
2014-05-04 23:12:43 Error: Unable to bind to 0.0.0.0:18334 on this computer. Bitcoin is probably already running.
2014-05-04 23:12:43 Error: Failed to listen on any port. Use -listen=0 if you want this.
2014-05-04 23:12:43 Shutdown : In progress...
2014-05-04 23:12:43 Flush(false)
2014-05-04 23:12:43 DBFlush(false) ended               0ms
2014-05-04 23:12:43 StopNode()
2014-05-04 23:12:43 Flushed 0 addresses to peers.dat  2ms
2014-05-04 23:12:43 Flush(true)
2014-05-04 23:12:43 DBFlush(true) ended               0ms
2014-05-04 23:12:43 Shutdown : done
2014-05-04 23:13:00 



















2014-05-04 23:13:00 Bitcoin version v0.8.7.0-unk-beta (2014-05-03 15:39:26 -0400)
2014-05-04 23:13:00 Using OpenSSL version OpenSSL 1.0.1c 10 May 2012
2014-05-04 23:13:00 Default data directory /home/nimish/.bitcoin
2014-05-04 23:13:00 Using data directory /home/nimish/.bitcoin/testnet3
2014-05-04 23:13:00 Using at most 125 connections (1024 file descriptors available)
2014-05-04 23:13:00 Using 4 threads for script verification
2014-05-04 23:13:00 init message: Verifying wallet...
2014-05-04 23:13:00 dbenv.open LogDir=/home/nimish/.bitcoin/testnet3/database ErrorFile=/home/nimish/.bitcoin/testnet3/db.log
2014-05-04 23:13:00 Bound to [::]:18334
2014-05-04 23:13:00 Bound to 0.0.0.0:18334
2014-05-04 23:13:00 init message: Loading block index...
2014-05-04 23:13:00 Opening LevelDB in /home/nimish/.bitcoin/testnet3/blocks/index
2014-05-04 23:13:00 Opened LevelDB successfully
2014-05-04 23:13:00 Opening LevelDB in /home/nimish/.bitcoin/testnet3/chainstate
2014-05-04 23:13:00 Opened LevelDB successfully
2014-05-04 23:13:00 LoadBlockIndexDB(): last block file = 0
2014-05-04 23:13:00 LoadBlockIndexDB(): transaction index disabled
2014-05-04 23:13:00 Initializing databases...
2014-05-04 23:13:00 000000002290b3e9b6b6c414ad9a85d2e9b35a0c7e4f531f12728bf918ae3fbb
2014-05-04 23:13:00 000000002290b3e9b6b6c414ad9a85d2e9b35a0c7e4f531f12728bf918ae3fbb
2014-05-04 23:13:00 7ee202371c00d2df0d9150c1c3e05e8184d45abc4b6dca3be3b8ab914500b057
2014-05-04 23:13:00 CBlock(hash=000000002290b3e9b6b6c414ad9a85d2e9b35a0c7e4f531f12728bf918ae3fbb, ver=1, hashPrevBlock=0000000000000000000000000000000000000000000000000000000000000000, hashMerkleRoot=7ee202371c00d2df0d9150c1c3e05e8184d45abc4b6dca3be3b8ab914500b057, nTime=1398826067, nBits=1d008cc3, nNonce=3466244396, vtx=1)
2014-05-04 23:13:00   CTransaction(hash=7ee202371c00d2df0d9150c1c3e05e8184d45abc4b6dca3be3b8ab914500b057, ver=1, vin.size=1, vout.size=1, nLockTime=0)
    CTxIn(COutPoint(0000000000000000000000000000000000000000000000000000000000000000, 4294967295), coinbase 04c38c001d01042c546865206461792041727069742074686f7567687420556d617373636f696e2073686f756c64207374617274)
    CTxOut(nValue=50.00000000, scriptPubKey=04678afdb0fe5548271967f1a67130)
  vMerkleTree: 7ee202371c00d2df0d9150c1c3e05e8184d45abc4b6dca3be3b8ab914500b057 
2014-05-04 23:13:00 Pre-allocating up to position 0x1000000 in blk00000.dat
2014-05-04 23:13:00 SetBestChain: new best=000000002290b3e9b6b6c414ad9a85d2e9b35a0c7e4f531f12728bf918ae3fbb  height=0  log2_work=32.862889  tx=1  date=2014-04-30 02:47:47 progress=0.000001
2014-05-04 23:13:00 init message: Verifying blocks...
2014-05-04 23:13:00  block index              14ms
2014-05-04 23:13:00 init message: Loading wallet...
2014-05-04 23:13:00 nFileVersion = 80700
2014-05-04 23:13:00 Performing wallet upgrade to 60000
2014-05-04 23:13:00 keypool added key 1, size=1
2014-05-04 23:13:00 keypool added key 2, size=2
2014-05-04 23:13:00 keypool added key 3, size=3
2014-05-04 23:13:00 keypool added key 4, size=4
2014-05-04 23:13:00 keypool added key 5, size=5
2014-05-04 23:13:00 keypool added key 6, size=6
2014-05-04 23:13:00 keypool added key 7, size=7
2014-05-04 23:13:00 keypool added key 8, size=8
2014-05-04 23:13:00 keypool added key 9, size=9
2014-05-04 23:13:00 keypool added key 10, size=10
2014-05-04 23:13:00 keypool added key 11, size=11
2014-05-04 23:13:00 keypool added key 12, size=12
2014-05-04 23:13:00 keypool added key 13, size=13
2014-05-04 23:13:00 keypool added key 14, size=14
2014-05-04 23:13:00 keypool added key 15, size=15
2014-05-04 23:13:00 keypool added key 16, size=16
2014-05-04 23:13:00 keypool added key 17, size=17
2014-05-04 23:13:00 keypool added key 18, size=18
2014-05-04 23:13:00 keypool added key 19, size=19
2014-05-04 23:13:00 keypool added key 20, size=20
2014-05-04 23:13:00 keypool added key 21, size=21
2014-05-04 23:13:00 keypool added key 22, size=22
2014-05-04 23:13:00 keypool added key 23, size=23
2014-05-04 23:13:00 keypool added key 24, size=24
2014-05-04 23:13:00 keypool added key 25, size=25
2014-05-04 23:13:00 keypool added key 26, size=26
2014-05-04 23:13:00 keypool added key 27, size=27
2014-05-04 23:13:00 keypool added key 28, size=28
2014-05-04 23:13:00 keypool added key 29, size=29
2014-05-04 23:13:00 keypool added key 30, size=30
2014-05-04 23:13:00 keypool added key 31, size=31
2014-05-04 23:13:00 keypool added key 32, size=32
2014-05-04 23:13:00 keypool added key 33, size=33
2014-05-04 23:13:00 keypool added key 34, size=34
2014-05-04 23:13:00 keypool added key 35, size=35
2014-05-04 23:13:00 keypool added key 36, size=36
2014-05-04 23:13:00 keypool added key 37, size=37
2014-05-04 23:13:00 keypool added key 38, size=38
2014-05-04 23:13:00 keypool added key 39, size=39
2014-05-04 23:13:00 keypool added key 40, size=40
2014-05-04 23:13:00 keypool added key 41, size=41
2014-05-04 23:13:00 keypool added key 42, size=42
2014-05-04 23:13:00 keypool added key 43, size=43
2014-05-04 23:13:00 keypool added key 44, size=44
2014-05-04 23:13:00 keypool added key 45, size=45
2014-05-04 23:13:00 keypool added key 46, size=46
2014-05-04 23:13:00 keypool added key 47, size=47
2014-05-04 23:13:00 keypool added key 48, size=48
2014-05-04 23:13:00 keypool added key 49, size=49
2014-05-04 23:13:00 keypool added key 50, size=50
2014-05-04 23:13:00 keypool added key 51, size=51
2014-05-04 23:13:00 keypool added key 52, size=52
2014-05-04 23:13:01 keypool added key 53, size=53
2014-05-04 23:13:01 keypool added key 54, size=54
2014-05-04 23:13:01 keypool added key 55, size=55
2014-05-04 23:13:01 keypool added key 56, size=56
2014-05-04 23:13:01 keypool added key 57, size=57
2014-05-04 23:13:01 keypool added key 58, size=58
2014-05-04 23:13:01 keypool added key 59, size=59
2014-05-04 23:13:01 keypool added key 60, size=60
2014-05-04 23:13:01 keypool added key 61, size=61
2014-05-04 23:13:01 keypool added key 62, size=62
2014-05-04 23:13:01 keypool added key 63, size=63
2014-05-04 23:13:01 keypool added key 64, size=64
2014-05-04 23:13:01 keypool added key 65, size=65
2014-05-04 23:13:01 keypool added key 66, size=66
2014-05-04 23:13:01 keypool added key 67, size=67
2014-05-04 23:13:01 keypool added key 68, size=68
2014-05-04 23:13:01 keypool added key 69, size=69
2014-05-04 23:13:01 keypool added key 70, size=70
2014-05-04 23:13:01 keypool added key 71, size=71
2014-05-04 23:13:01 keypool added key 72, size=72
2014-05-04 23:13:01 keypool added key 73, size=73
2014-05-04 23:13:01 keypool added key 74, size=74
2014-05-04 23:13:01 keypool added key 75, size=75
2014-05-04 23:13:01 keypool added key 76, size=76
2014-05-04 23:13:01 keypool added key 77, size=77
2014-05-04 23:13:01 keypool added key 78, size=78
2014-05-04 23:13:01 keypool added key 79, size=79
2014-05-04 23:13:01 keypool added key 80, size=80
2014-05-04 23:13:01 keypool added key 81, size=81
2014-05-04 23:13:01 keypool added key 82, size=82
2014-05-04 23:13:01 keypool added key 83, size=83
2014-05-04 23:13:01 keypool added key 84, size=84
2014-05-04 23:13:01 keypool added key 85, size=85
2014-05-04 23:13:01 keypool added key 86, size=86
2014-05-04 23:13:01 keypool added key 87, size=87
2014-05-04 23:13:01 keypool added key 88, size=88
2014-05-04 23:13:01 keypool added key 89, size=89
2014-05-04 23:13:01 keypool added key 90, size=90
2014-05-04 23:13:01 keypool added key 91, size=91
2014-05-04 23:13:01 keypool added key 92, size=92
2014-05-04 23:13:01 keypool added key 93, size=93
2014-05-04 23:13:01 keypool added key 94, size=94
2014-05-04 23:13:01 keypool added key 95, size=95
2014-05-04 23:13:01 keypool added key 96, size=96
2014-05-04 23:13:01 keypool added key 97, size=97
2014-05-04 23:13:01 keypool added key 98, size=98
2014-05-04 23:13:01 keypool added key 99, size=99
2014-05-04 23:13:01 keypool added key 100, size=100
2014-05-04 23:13:01 keypool added key 101, size=101
2014-05-04 23:13:01 keypool reserve 1
2014-05-04 23:13:01 keypool keep 1
2014-05-04 23:13:01  wallet                  363ms
2014-05-04 23:13:01 init message: Loading addresses...
2014-05-04 23:13:01 Loaded 4 addresses from peers.dat  0ms
2014-05-04 23:13:01 mapBlockIndex.size() = 1
2014-05-04 23:13:01 nBestHeight = 0
2014-05-04 23:13:01 setKeyPool.size() = 100
2014-05-04 23:13:01 mapWallet.size() = 0
2014-05-04 23:13:01 mapAddressBook.size() = 1
2014-05-04 23:13:01 dnsseed thread start
2014-05-04 23:13:01 Loading addresses from DNS seeds (could take a while)
2014-05-04 23:13:01 net thread start
2014-05-04 23:13:01 msghand thread start
2014-05-04 23:13:01 addcon thread start
2014-05-04 23:13:01 1 addresses found from DNS seeds
2014-05-04 23:13:01 dnsseed thread exit
2014-05-04 23:13:01 opencon thread start
2014-05-04 23:13:01 dumpaddr thread start
2014-05-04 23:13:01 trying connection 54.82.101.86:18334 lastseen=360901.4hrs
2014-05-04 23:13:01 init message: Done loading
2014-05-04 23:13:01 trying connection 184.72.188.154:18334 lastseen=22.5hrs
2014-05-04 23:13:02 GetMyExternalIP() received [128.119.40.193] 128.119.40.193:0
2014-05-04 23:13:02 GetMyExternalIP() returned 128.119.40.193
2014-05-04 23:13:02 AddLocal(128.119.40.193:18334,4)
2014-05-04 23:13:06 connection timeout
2014-05-04 23:13:06 connection timeout
2014-05-04 23:13:06 trying connection 54.82.43.23:18334 lastseen=360901.4hrs
2014-05-04 23:13:07 trying connection 184.72.188.154:18334 lastseen=22.5hrs
2014-05-04 23:13:11 connection timeout
2014-05-04 23:13:12 trying connection 184.72.188.154:18334 lastseen=360901.4hrs
2014-05-04 23:13:12 connection timeout
2014-05-04 23:13:13 trying connection 54.82.101.86:18334 lastseen=22.5hrs
2014-05-04 23:13:17 connection timeout
2014-05-04 23:13:18 connection timeout
2014-05-04 23:13:18 trying connection 184.72.188.154:18334 lastseen=22.5hrs
2014-05-04 23:13:23 connection timeout
2014-05-04 23:13:24 trying connection 54.82.43.23:18334 lastseen=22.7hrs
2014-05-04 23:13:29 connection timeout
2014-05-04 23:13:29 trying connection 54.82.43.23:18334 lastseen=22.7hrs
2014-05-04 23:13:34 connection timeout
2014-05-04 23:13:35 trying connection 54.82.43.23:18334 lastseen=22.7hrs
2014-05-04 23:13:37 ThreadRPCServer method=getbalance
2014-05-04 23:13:40 connection timeout
2014-05-04 23:13:40 trying connection 54.82.43.23:18334 lastseen=22.7hrs
2014-05-04 23:13:44 ThreadRPCServer method=getblock
2014-05-04 23:13:45 connection timeout
2014-05-04 23:13:46 trying connection 184.72.188.154:18334 lastseen=22.5hrs
2014-05-04 23:13:49 ThreadRPCServer method=getmininginfo
2014-05-04 23:13:51 connection timeout
2014-05-04 23:13:52 trying connection 54.82.43.23:18334 lastseen=22.7hrs
2014-05-04 23:13:57 connection timeout
2014-05-04 23:13:57 trying connection 54.82.43.23:18334 lastseen=22.7hrs
2014-05-04 23:14:02 connection timeout
2014-05-04 23:14:03 trying connection 54.82.101.86:18334 lastseen=22.5hrs
2014-05-04 23:14:08 connection timeout
2014-05-04 23:14:08 trying connection 54.82.43.23:18334 lastseen=22.7hrs
2014-05-04 23:14:13 connection timeout
2014-05-04 23:14:14 trying connection 54.82.101.86:18334 lastseen=22.5hrs
2014-05-04 23:14:19 connection timeout
2014-05-04 23:14:19 trying connection 54.82.43.23:18334 lastseen=22.7hrs
2014-05-04 23:14:24 connection timeout
2014-05-04 23:14:25 trying connection 54.82.43.23:18334 lastseen=22.7hrs
2014-05-04 23:14:30 connection timeout
2014-05-04 23:14:30 trying connection 54.82.101.86:18334 lastseen=22.5hrs
2014-05-04 23:14:35 connection timeout
2014-05-04 23:14:36 trying connection 54.82.101.86:18334 lastseen=22.5hrs
2014-05-04 23:14:41 connection timeout
2014-05-04 23:14:41 trying connection 184.72.188.154:18334 lastseen=22.5hrs
2014-05-04 23:14:46 connection timeout
2014-05-04 23:14:47 trying connection 54.82.101.86:18334 lastseen=22.5hrs
2014-05-04 23:14:52 connection timeout
2014-05-04 23:14:52 trying connection 54.82.101.86:18334 lastseen=22.5hrs
2014-05-04 23:14:57 connection timeout
2014-05-04 23:14:58 trying connection 54.82.43.23:18334 lastseen=22.7hrs
2014-05-04 23:15:03 connection timeout
2014-05-04 23:15:03 trying connection 184.72.188.154:18334 lastseen=22.5hrs
2014-05-04 23:15:08 connection timeout
2014-05-04 23:15:09 trying connection 54.82.101.86:18334 lastseen=22.5hrs
2014-05-04 23:15:14 connection timeout
2014-05-04 23:15:14 trying connection 184.72.188.154:18334 lastseen=22.5hrs
2014-05-04 23:15:17 trying connection 54.82.101.86:18334 lastseen=360901.5hrs
2014-05-04 23:15:19 connection timeout
2014-05-04 23:15:20 trying connection 184.72.188.154:18334 lastseen=22.5hrs
2014-05-04 23:15:22 connection timeout
2014-05-04 23:15:23 trying connection 54.82.43.23:18334 lastseen=360901.5hrs
2014-05-04 23:15:25 connection timeout
2014-05-04 23:15:25 trying connection 184.72.188.154:18334 lastseen=22.5hrs
2014-05-04 23:15:28 connection timeout
2014-05-04 23:15:28 trying connection 184.72.188.154:18334 lastseen=360901.5hrs
2014-05-04 23:15:30 connection timeout
2014-05-04 23:15:31 trying connection 184.72.188.154:18334 lastseen=22.5hrs
2014-05-04 23:15:33 connection timeout
2014-05-04 23:15:36 connection timeout
2014-05-04 23:15:36 trying connection 54.82.43.23:18334 lastseen=22.7hrs
2014-05-04 23:15:41 connection timeout
2014-05-04 23:15:42 trying connection 54.82.101.86:18334 lastseen=22.5hrs
2014-05-04 23:15:47 connection timeout
2014-05-04 23:15:47 trying connection 54.82.101.86:18334 lastseen=22.5hrs
2014-05-04 23:15:52 connection timeout
2014-05-04 23:15:53 trying connection 54.82.43.23:18334 lastseen=22.7hrs
2014-05-04 23:15:58 connection timeout
2014-05-04 23:15:58 trying connection 54.82.43.23:18334 lastseen=22.7hrs
2014-05-04 23:16:03 connection timeout
2014-05-04 23:16:04 trying connection 184.72.188.154:18334 lastseen=22.5hrs
2014-05-04 23:16:09 connection timeout
2014-05-04 23:16:09 trying connection 54.82.43.23:18334 lastseen=22.7hrs
2014-05-04 23:16:14 connection timeout
2014-05-04 23:16:15 trying connection 54.82.101.86:18334 lastseen=22.5hrs
2014-05-04 23:16:17 ThreadRPCServer method=setgenerate
2014-05-04 23:16:17 BitcoinMiner started
2014-05-04 23:16:17 BitcoinMiner started
2014-05-04 23:16:17 BitcoinMiner started
2014-05-04 23:16:17 BitcoinMiner started
2014-05-04 23:16:20 connection timeout
2014-05-04 23:16:20 trying connection 54.82.101.86:18334 lastseen=22.5hrs
2014-05-04 23:16:21 ThreadRPCServer method=getmininginfo
2014-05-04 23:16:25 connection timeout
2014-05-04 23:16:26 trying connection 54.82.43.23:18334 lastseen=22.7hrs
2014-05-04 23:16:29 ThreadRPCServer method=getmininginfo
2014-05-04 23:16:31 connection timeout
2014-05-04 23:16:31 trying connection 184.72.188.154:18334 lastseen=22.5hrs
2014-05-04 23:16:36 connection timeout
2014-05-04 23:16:37 trying connection 54.82.43.23:18334 lastseen=22.7hrs
2014-05-04 23:16:42 connection timeout
2014-05-04 23:16:42 trying connection 54.82.101.86:18334 lastseen=22.5hrs
2014-05-04 23:16:47 connection timeout
2014-05-04 23:16:48 trying connection 184.72.188.154:18334 lastseen=22.5hrs
2014-05-04 23:16:53 connection timeout
2014-05-04 23:16:54 trying connection 54.82.43.23:18334 lastseen=22.7hrs
2014-05-04 23:16:59 connection timeout
2014-05-04 23:16:59 trying connection 54.82.43.23:18334 lastseen=22.7hrs
2014-05-04 23:17:04 connection timeout
2014-05-04 23:17:05 trying connection 184.72.188.154:18334 lastseen=22.5hrs
2014-05-04 23:17:10 connection timeout
2014-05-04 23:17:10 trying connection 184.72.188.154:18334 lastseen=22.5hrs
2014-05-04 23:17:13 ThreadRPCServer method=setgenerate
2014-05-04 23:17:13 BitcoinMiner terminated
2014-05-04 23:17:13 BitcoinMiner terminated
2014-05-04 23:17:13 BitcoinMiner started
2014-05-04 23:17:13 BitcoinMiner terminated
2014-05-04 23:17:13 BitcoinMiner started
2014-05-04 23:17:13 BitcoinMiner terminated
2014-05-04 23:17:13 BitcoinMiner started
2014-05-04 23:17:13 BitcoinMiner started
2014-05-04 23:17:15 connection timeout
2014-05-04 23:17:16 trying connection 54.82.101.86:18334 lastseen=22.5hrs
2014-05-04 23:17:21 connection timeout
2014-05-04 23:17:21 trying connection 54.82.43.23:18334 lastseen=22.7hrs
2014-05-04 23:17:26 connection timeout
2014-05-04 23:17:27 trying connection 54.82.43.23:18334 lastseen=22.7hrs
2014-05-04 23:17:32 connection timeout
2014-05-04 23:17:32 trying connection 54.82.101.86:18334 lastseen=22.5hrs
2014-05-04 23:17:34 trying connection 54.82.101.86:18334 lastseen=360901.5hrs
2014-05-04 23:17:37 connection timeout
2014-05-04 23:17:38 trying connection 54.82.43.23:18334 lastseen=22.7hrs
2014-05-04 23:17:39 connection timeout
2014-05-04 23:17:39 ThreadRPCServer method=getpeerinfo
2014-05-04 23:17:39 trying connection 54.82.43.23:18334 lastseen=360901.5hrs
2014-05-04 23:17:43 connection timeout
2014-05-04 23:17:43 trying connection 184.72.188.154:18334 lastseen=22.6hrs
2014-05-04 23:17:44 connection timeout
2014-05-04 23:17:45 trying connection 184.72.188.154:18334 lastseen=360901.5hrs
2014-05-04 23:17:48 connection timeout
2014-05-04 23:17:49 trying connection 54.82.101.86:18334 lastseen=22.6hrs
2014-05-04 23:17:50 connection timeout
2014-05-04 23:17:54 connection timeout
2014-05-04 23:17:54 trying connection 54.82.101.86:18334 lastseen=22.6hrs
2014-05-04 23:17:59 connection timeout
2014-05-04 23:18:00 trying connection 54.82.101.86:18334 lastseen=22.6hrs
2014-05-04 23:18:05 connection timeout
2014-05-04 23:18:05 trying connection 184.72.188.154:18334 lastseen=22.6hrs
2014-05-04 23:18:10 connection timeout
2014-05-04 23:18:11 trying connection 184.72.188.154:18334 lastseen=22.6hrs
2014-05-04 23:18:16 connection timeout
2014-05-04 23:18:17 trying connection 54.82.43.23:18334 lastseen=22.7hrs
2014-05-04 23:18:18 msghand thread interrupt
2014-05-04 23:18:18 Shutdown : In progress...
2014-05-04 23:18:18 dumpaddr thread stop
2014-05-04 23:18:18 net thread interrupt
2014-05-04 23:18:18 addcon thread interrupt
2014-05-04 23:18:18 Flush(false)
2014-05-04 23:18:18 wallet.dat refcount=0
2014-05-04 23:18:18 wallet.dat checkpoint
2014-05-04 23:18:18 wallet.dat detach
2014-05-04 23:18:18 wallet.dat closed
2014-05-04 23:18:18 DBFlush(false) ended               3ms
2014-05-04 23:18:18 StopNode()
2014-05-04 23:18:18 BitcoinMiner terminated
2014-05-04 23:18:18 BitcoinMiner terminated
2014-05-04 23:18:18 BitcoinMiner terminated
2014-05-04 23:18:18 BitcoinMiner terminated
2014-05-04 23:18:18 Flushed 4 addresses to peers.dat  2ms
2014-05-04 23:18:18 Committing 0 changed transactions to coin database...
2014-05-04 23:18:18 Flush(true)
2014-05-04 23:18:18 wallet.dat refcount=0
2014-05-04 23:18:18 wallet.dat checkpoint
2014-05-04 23:18:18 wallet.dat detach
2014-05-04 23:18:18 wallet.dat closed
2014-05-04 23:18:18 DBFlush(true) ended               2ms
2014-05-04 23:18:18 Shutdown : done
2014-05-04 23:18:21 



















2014-05-04 23:18:21 Bitcoin version v0.8.7.0-unk-beta (2014-05-03 15:39:26 -0400)
2014-05-04 23:18:21 Using OpenSSL version OpenSSL 1.0.1c 10 May 2012
2014-05-04 23:18:21 Default data directory /home/nimish/.bitcoin
2014-05-04 23:18:21 Using data directory /home/nimish/.bitcoin/testnet3
2014-05-04 23:18:21 Using at most 125 connections (1024 file descriptors available)
2014-05-04 23:18:21 Using 4 threads for script verification
2014-05-04 23:18:21 init message: Verifying wallet...
2014-05-04 23:18:21 dbenv.open LogDir=/home/nimish/.bitcoin/testnet3/database ErrorFile=/home/nimish/.bitcoin/testnet3/db.log
2014-05-04 23:18:21 Bound to [::]:18334
2014-05-04 23:18:21 Bound to 0.0.0.0:18334
2014-05-04 23:18:21 init message: Loading block index...
2014-05-04 23:18:21 Opening LevelDB in /home/nimish/.bitcoin/testnet3/blocks/index
2014-05-04 23:18:21 Opened LevelDB successfully
2014-05-04 23:18:21 Opening LevelDB in /home/nimish/.bitcoin/testnet3/chainstate
2014-05-04 23:18:21 Opened LevelDB successfully
2014-05-04 23:18:21 LoadBlockIndexDB(): last block file = 0
2014-05-04 23:18:21 LoadBlockIndexDB(): last block file info: CBlockFileInfo(blocks=1, size=268, heights=0...0, time=2014-04-30...2014-04-30)
2014-05-04 23:18:21 LoadBlockIndexDB(): transaction index disabled
2014-05-04 23:18:21 LoadBlockIndexDB(): hashBestChain=000000002290b3e9b6b6c414ad9a85d2e9b35a0c7e4f531f12728bf918ae3fbb  height=0 date=2014-04-30 02:47:47
2014-05-04 23:18:21 init message: Verifying blocks...
2014-05-04 23:18:21  block index              13ms
2014-05-04 23:18:21 init message: Loading wallet...
2014-05-04 23:18:22 nFileVersion = 80700
2014-05-04 23:18:22  wallet                  265ms
2014-05-04 23:18:22 init message: Loading addresses...
2014-05-04 23:18:22 Loaded 4 addresses from peers.dat  0ms
2014-05-04 23:18:22 mapBlockIndex.size() = 1
2014-05-04 23:18:22 nBestHeight = 0
2014-05-04 23:18:22 setKeyPool.size() = 100
2014-05-04 23:18:22 mapWallet.size() = 0
2014-05-04 23:18:22 mapAddressBook.size() = 1
2014-05-04 23:18:22 dnsseed thread start
2014-05-04 23:18:22 Loading addresses from DNS seeds (could take a while)
2014-05-04 23:18:22 net thread start
2014-05-04 23:18:22 addcon thread start
2014-05-04 23:18:22 1 addresses found from DNS seeds
2014-05-04 23:18:22 dnsseed thread exit
2014-05-04 23:18:22 trying connection 54.82.101.86:18334 lastseen=360901.5hrs
2014-05-04 23:18:22 dumpaddr thread start
2014-05-04 23:18:22 msghand thread start
2014-05-04 23:18:22 opencon thread start
2014-05-04 23:18:22 init message: Done loading
2014-05-04 23:18:22 trying connection 54.82.43.23:18334 lastseen=22.7hrs
2014-05-04 23:18:23 Shutdown : In progress...
2014-05-04 23:18:23 Flush(false)
2014-05-04 23:18:23 wallet.dat refcount=0
2014-05-04 23:18:23 wallet.dat checkpoint
2014-05-04 23:18:23 msghand thread interrupt
2014-05-04 23:18:23 dumpaddr thread stop
2014-05-04 23:18:23 wallet.dat detach
2014-05-04 23:18:23 wallet.dat closed
2014-05-04 23:18:23 DBFlush(false) ended               4ms
2014-05-04 23:18:23 StopNode()
2014-05-04 23:18:23 net thread interrupt
2014-05-04 23:18:23 Flushed 4 addresses to peers.dat  2ms
2014-05-04 23:18:23 Committing 0 changed transactions to coin database...
2014-05-04 23:18:23 Flush(true)
2014-05-04 23:18:23 wallet.dat refcount=0
2014-05-04 23:18:23 wallet.dat checkpoint
2014-05-04 23:18:23 wallet.dat detach
2014-05-04 23:18:23 wallet.dat closed
2014-05-04 23:18:23 DBFlush(true) ended               1ms
2014-05-04 23:18:23 Shutdown : done
2014-05-04 23:18:31 



















2014-05-04 23:18:31 Bitcoin version v0.8.7.0-unk-beta (2014-05-03 15:39:26 -0400)
2014-05-04 23:18:31 Using OpenSSL version OpenSSL 1.0.1c 10 May 2012
2014-05-04 23:18:31 Default data directory /home/nimish/.bitcoin
2014-05-04 23:18:31 Using data directory /home/nimish/.bitcoin/testnet3
2014-05-04 23:18:31 Using at most 125 connections (1024 file descriptors available)
2014-05-04 23:18:31 Using 4 threads for script verification
2014-05-04 23:18:31 init message: Verifying wallet...
2014-05-04 23:18:31 dbenv.open LogDir=/home/nimish/.bitcoin/testnet3/database ErrorFile=/home/nimish/.bitcoin/testnet3/db.log
2014-05-04 23:18:31 Bound to [::]:18334
2014-05-04 23:18:31 Bound to 0.0.0.0:18334
2014-05-04 23:18:31 init message: Loading block index...
2014-05-04 23:18:31 Opening LevelDB in /home/nimish/.bitcoin/testnet3/blocks/index
2014-05-04 23:18:31 Opened LevelDB successfully
2014-05-04 23:18:31 Opening LevelDB in /home/nimish/.bitcoin/testnet3/chainstate
2014-05-04 23:18:31 Opened LevelDB successfully
2014-05-04 23:18:31 LoadBlockIndexDB(): last block file = 0
2014-05-04 23:18:31 LoadBlockIndexDB(): last block file info: CBlockFileInfo(blocks=1, size=268, heights=0...0, time=2014-04-30...2014-04-30)
2014-05-04 23:18:31 LoadBlockIndexDB(): transaction index disabled
2014-05-04 23:18:31 LoadBlockIndexDB(): hashBestChain=000000002290b3e9b6b6c414ad9a85d2e9b35a0c7e4f531f12728bf918ae3fbb  height=0 date=2014-04-30 02:47:47
2014-05-04 23:18:31 init message: Verifying blocks...
2014-05-04 23:18:31  block index              12ms
2014-05-04 23:18:31 init message: Loading wallet...
2014-05-04 23:18:32 nFileVersion = 80700
2014-05-04 23:18:32  wallet                  260ms
2014-05-04 23:18:32 init message: Loading addresses...
2014-05-04 23:18:32 Loaded 4 addresses from peers.dat  0ms
2014-05-04 23:18:32 mapBlockIndex.size() = 1
2014-05-04 23:18:32 nBestHeight = 0
2014-05-04 23:18:32 setKeyPool.size() = 100
2014-05-04 23:18:32 mapWallet.size() = 0
2014-05-04 23:18:32 mapAddressBook.size() = 1
2014-05-04 23:18:32 dnsseed thread start
2014-05-04 23:18:32 Loading addresses from DNS seeds (could take a while)
2014-05-04 23:18:32 net thread start
2014-05-04 23:18:32 addcon thread start
2014-05-04 23:18:32 1 addresses found from DNS seeds
2014-05-04 23:18:32 dnsseed thread exit
2014-05-04 23:18:32 dumpaddr thread start
2014-05-04 23:18:32 opencon thread start
2014-05-04 23:18:32 trying connection 54.82.101.86:18334 lastseen=360901.5hrs
2014-05-04 23:18:32 msghand thread start
2014-05-04 23:18:32 init message: Done loading
2014-05-04 23:18:32 trying connection 184.72.188.154:18334 lastseen=22.6hrs
2014-05-04 23:18:37 connection timeout
2014-05-04 23:18:37 ThreadRPCServer method=getpeerinfo
2014-05-04 23:18:37 trying connection 54.82.43.23:18334 lastseen=360901.5hrs
2014-05-04 23:18:37 connection timeout
2014-05-04 23:18:37 GetMyExternalIP() received [128.119.40.193] 128.119.40.193:0
2014-05-04 23:18:37 GetMyExternalIP() returned 128.119.40.193
2014-05-04 23:18:37 AddLocal(128.119.40.193:18334,4)
2014-05-04 23:18:38 trying connection 54.82.101.86:18334 lastseen=22.6hrs
2014-05-04 23:18:40 ThreadRPCServer method=getpeerinfo
2014-05-04 23:18:41 ThreadRPCServer method=getpeerinfo
2014-05-04 23:18:42 ThreadRPCServer method=getpeerinfo
2014-05-04 23:18:42 connection timeout
2014-05-04 23:18:43 trying connection 184.72.188.154:18334 lastseen=360901.5hrs
2014-05-04 23:18:43 connection timeout
2014-05-04 23:18:43 trying connection 54.82.101.86:18334 lastseen=22.6hrs
2014-05-04 23:18:48 connection timeout
2014-05-04 23:18:48 connection timeout
2014-05-04 23:18:49 trying connection 54.82.43.23:18334 lastseen=22.8hrs
2014-05-04 23:18:54 connection timeout
2014-05-04 23:18:55 trying connection 54.82.101.86:18334 lastseen=22.6hrs
2014-05-04 23:18:57 Shutdown : In progress...
2014-05-04 23:18:57 dumpaddr thread stop
2014-05-04 23:18:57 addcon thread interrupt
2014-05-04 23:18:57 Flush(false)
2014-05-04 23:18:57 wallet.dat refcount=0
2014-05-04 23:18:57 wallet.dat checkpoint
2014-05-04 23:18:57 msghand thread interrupt
2014-05-04 23:18:57 wallet.dat detach
2014-05-04 23:18:57 wallet.dat closed
2014-05-04 23:18:57 DBFlush(false) ended               3ms
2014-05-04 23:18:57 StopNode()
2014-05-04 23:18:58 net thread interrupt
2014-05-04 23:18:58 Flushed 4 addresses to peers.dat  2ms
2014-05-04 23:18:58 Committing 0 changed transactions to coin database...
2014-05-04 23:18:58 Flush(true)
2014-05-04 23:18:58 wallet.dat refcount=0
2014-05-04 23:18:58 wallet.dat checkpoint
2014-05-04 23:18:58 wallet.dat detach
2014-05-04 23:18:58 wallet.dat closed
2014-05-04 23:18:58 DBFlush(true) ended               2ms
2014-05-04 23:18:58 Shutdown : done
2014-05-04 23:19:28 



















2014-05-04 23:19:28 Bitcoin version v0.8.7.0-unk-beta (2014-05-03 15:39:26 -0400)
2014-05-04 23:19:28 Using OpenSSL version OpenSSL 1.0.1c 10 May 2012
2014-05-04 23:19:28 Default data directory /home/nimish/.bitcoin
2014-05-04 23:19:28 Using data directory /home/nimish/.bitcoin/testnet3
2014-05-04 23:19:28 Using at most 125 connections (1024 file descriptors available)
2014-05-04 23:19:28 Using 4 threads for script verification
2014-05-04 23:19:28 init message: Verifying wallet...
2014-05-04 23:19:28 dbenv.open LogDir=/home/nimish/.bitcoin/testnet3/database ErrorFile=/home/nimish/.bitcoin/testnet3/db.log
2014-05-04 23:19:28 init message: Loading block index...
2014-05-04 23:19:28 Opening LevelDB in /home/nimish/.bitcoin/testnet3/blocks/index
2014-05-04 23:19:28 Opened LevelDB successfully
2014-05-04 23:19:28 Opening LevelDB in /home/nimish/.bitcoin/testnet3/chainstate
2014-05-04 23:19:28 Opened LevelDB successfully
2014-05-04 23:19:28 LoadBlockIndexDB(): last block file = 0
2014-05-04 23:19:28 LoadBlockIndexDB(): last block file info: CBlockFileInfo(blocks=1, size=268, heights=0...0, time=2014-04-30...2014-04-30)
2014-05-04 23:19:28 LoadBlockIndexDB(): transaction index disabled
2014-05-04 23:19:28 LoadBlockIndexDB(): hashBestChain=000000002290b3e9b6b6c414ad9a85d2e9b35a0c7e4f531f12728bf918ae3fbb  height=0 date=2014-04-30 02:47:47
2014-05-04 23:19:28 init message: Verifying blocks...
2014-05-04 23:19:28  block index              10ms
2014-05-04 23:19:28 init message: Loading wallet...
2014-05-04 23:19:28 nFileVersion = 80700
2014-05-04 23:19:28  wallet                  259ms
2014-05-04 23:19:28 init message: Loading addresses...
2014-05-04 23:19:28 Loaded 4 addresses from peers.dat  0ms
2014-05-04 23:19:28 mapBlockIndex.size() = 1
2014-05-04 23:19:28 nBestHeight = 0
2014-05-04 23:19:28 setKeyPool.size() = 100
2014-05-04 23:19:28 mapWallet.size() = 0
2014-05-04 23:19:28 mapAddressBook.size() = 1
2014-05-04 23:19:28 DNS seeding disabled
2014-05-04 23:19:28 net thread start
2014-05-04 23:19:28 addcon thread start
2014-05-04 23:19:28 opencon thread start
2014-05-04 23:19:28 msghand thread start
2014-05-04 23:19:28 trying connection 54.82.172.237 lastseen=0.0hrs
2014-05-04 23:19:28 dumpaddr thread start
2014-05-04 23:19:28 trying connection 54.82.101.86:18334 lastseen=360901.5hrs
2014-05-04 23:19:28 BitcoinMiner started
2014-05-04 23:19:28 BitcoinMiner started
2014-05-04 23:19:28 BitcoinMiner started
2014-05-04 23:19:28 init message: Done loading
2014-05-04 23:19:28 BitcoinMiner started
2014-05-04 23:19:28 connected 54.82.172.237
2014-05-04 23:19:28 send version message: version 70001, blocks=0, us=0.0.0.0:0, them=54.82.172.237:18334, peer=54.82.172.237:18334
2014-05-04 23:19:28 Added time data, samples 2, offset +0 (+0 minutes)
2014-05-04 23:19:28 receive version message: /Satoshi:0.8.7/: version 70001, blocks=0, us=128.119.40.193:40595, them=54.82.172.237:18334, peer=54.82.172.237:18334
2014-05-04 23:19:28 getblocks -1 to 0000000000000000000000000000000000000000000000000000000000000000 limit 500
2014-05-04 23:19:29 keypool added key 102, size=101
2014-05-04 23:19:29 keypool reserve 2
2014-05-04 23:19:29 CreateNewBlock(): total size 1000
2014-05-04 23:19:29 Running BitcoinMiner with 1 transactions in block (186 bytes)
2014-05-04 23:19:29 keypool added key 103, size=101
2014-05-04 23:19:29 keypool reserve 3
2014-05-04 23:19:29 CreateNewBlock(): total size 1000
2014-05-04 23:19:29 Running BitcoinMiner with 1 transactions in block (186 bytes)
2014-05-04 23:19:29 keypool added key 104, size=101
2014-05-04 23:19:29 keypool reserve 4
2014-05-04 23:19:29 CreateNewBlock(): total size 1000
2014-05-04 23:19:29 Running BitcoinMiner with 1 transactions in block (186 bytes)
2014-05-04 23:19:29 keypool added key 105, size=101
2014-05-04 23:19:29 keypool reserve 5
2014-05-04 23:19:29 CreateNewBlock(): total size 1000
2014-05-04 23:19:29 Running BitcoinMiner with 1 transactions in block (186 bytes)
2014-05-04 23:19:30 Shutdown : In progress...
2014-05-04 23:19:30 msghand thread interrupt
2014-05-04 23:19:30 dumpaddr thread stop
2014-05-04 23:19:30 opencon thread interrupt
2014-05-04 23:19:30 Flush(false)
2014-05-04 23:19:30 wallet.dat refcount=0
2014-05-04 23:19:30 wallet.dat checkpoint
2014-05-04 23:19:30 wallet.dat detach
2014-05-04 23:19:30 wallet.dat closed
2014-05-04 23:19:30 DBFlush(false) ended               4ms
2014-05-04 23:19:30 StopNode()
2014-05-04 23:19:30 BitcoinMiner terminated
2014-05-04 23:19:30 keypool return 2
2014-05-04 23:19:30 net thread interrupt
2014-05-04 23:19:30 BitcoinMiner terminated
2014-05-04 23:19:30 keypool return 4
2014-05-04 23:19:30 BitcoinMiner terminated
2014-05-04 23:19:30 keypool return 3
2014-05-04 23:19:30 BitcoinMiner terminated
2014-05-04 23:19:30 keypool return 5
2014-05-04 23:19:30 Flushed 4 addresses to peers.dat  1ms
2014-05-04 23:19:30 Committing 0 changed transactions to coin database...
2014-05-04 23:19:30 Flush(true)
2014-05-04 23:19:30 wallet.dat refcount=0
2014-05-04 23:19:30 wallet.dat checkpoint
2014-05-04 23:19:30 wallet.dat detach
2014-05-04 23:19:30 wallet.dat closed
2014-05-04 23:19:30 DBFlush(true) ended               2ms
2014-05-04 23:19:30 Shutdown : done
2014-05-04 23:19:34 



















2014-05-04 23:19:34 Bitcoin version v0.8.7.0-unk-beta (2014-05-03 15:39:26 -0400)
2014-05-04 23:19:34 Using OpenSSL version OpenSSL 1.0.1c 10 May 2012
2014-05-04 23:19:34 Default data directory /home/nimish/.bitcoin
2014-05-04 23:19:34 Using data directory /home/nimish/.bitcoin/testnet3
2014-05-04 23:19:34 Using at most 125 connections (1024 file descriptors available)
2014-05-04 23:19:34 Using 4 threads for script verification
2014-05-04 23:19:34 init message: Verifying wallet...
2014-05-04 23:19:34 dbenv.open LogDir=/home/nimish/.bitcoin/testnet3/database ErrorFile=/home/nimish/.bitcoin/testnet3/db.log
2014-05-04 23:19:34 init message: Loading block index...
2014-05-04 23:19:34 Opening LevelDB in /home/nimish/.bitcoin/testnet3/blocks/index
2014-05-04 23:19:34 Opened LevelDB successfully
2014-05-04 23:19:34 Opening LevelDB in /home/nimish/.bitcoin/testnet3/chainstate
2014-05-04 23:19:34 Opened LevelDB successfully
2014-05-04 23:19:34 LoadBlockIndexDB(): last block file = 0
2014-05-04 23:19:34 LoadBlockIndexDB(): last block file info: CBlockFileInfo(blocks=1, size=268, heights=0...0, time=2014-04-30...2014-04-30)
2014-05-04 23:19:34 LoadBlockIndexDB(): transaction index disabled
2014-05-04 23:19:34 LoadBlockIndexDB(): hashBestChain=000000002290b3e9b6b6c414ad9a85d2e9b35a0c7e4f531f12728bf918ae3fbb  height=0 date=2014-04-30 02:47:47
2014-05-04 23:19:34 init message: Verifying blocks...
2014-05-04 23:19:34  block index              13ms
2014-05-04 23:19:34 init message: Loading wallet...
2014-05-04 23:19:34 nFileVersion = 80700
2014-05-04 23:19:34  wallet                  267ms
2014-05-04 23:19:34 init message: Loading addresses...
2014-05-04 23:19:34 Loaded 4 addresses from peers.dat  0ms
2014-05-04 23:19:34 mapBlockIndex.size() = 1
2014-05-04 23:19:34 nBestHeight = 0
2014-05-04 23:19:34 setKeyPool.size() = 104
2014-05-04 23:19:34 mapWallet.size() = 0
2014-05-04 23:19:34 mapAddressBook.size() = 1
2014-05-04 23:19:34 DNS seeding disabled
2014-05-04 23:19:34 net thread start
2014-05-04 23:19:34 addcon thread start
2014-05-04 23:19:34 opencon thread start
2014-05-04 23:19:34 msghand thread start
2014-05-04 23:19:34 trying connection 54.82.172.237 lastseen=0.0hrs
2014-05-04 23:19:34 trying connection 54.82.101.86:18334 lastseen=360901.5hrs
2014-05-04 23:19:34 dumpaddr thread start
2014-05-04 23:19:34 BitcoinMiner started
2014-05-04 23:19:34 BitcoinMiner started
2014-05-04 23:19:34 BitcoinMiner started
2014-05-04 23:19:34 BitcoinMiner started
2014-05-04 23:19:34 init message: Done loading
2014-05-04 23:19:34 connected 54.82.172.237
2014-05-04 23:19:34 send version message: version 70001, blocks=0, us=0.0.0.0:0, them=54.82.172.237:18334, peer=54.82.172.237:18334
2014-05-04 23:19:34 Added time data, samples 2, offset +0 (+0 minutes)
2014-05-04 23:19:34 receive version message: /Satoshi:0.8.7/: version 70001, blocks=0, us=128.119.40.193:40596, them=54.82.172.237:18334, peer=54.82.172.237:18334
2014-05-04 23:19:34 getblocks -1 to 0000000000000000000000000000000000000000000000000000000000000000 limit 500
2014-05-04 23:19:35 keypool reserve 2
2014-05-04 23:19:35 CreateNewBlock(): total size 1000
2014-05-04 23:19:35 keypool reserve 3
2014-05-04 23:19:35 Running BitcoinMiner with 1 transactions in block (186 bytes)
2014-05-04 23:19:35 CreateNewBlock(): total size 1000
2014-05-04 23:19:35 Running BitcoinMiner with 1 transactions in block (186 bytes)
2014-05-04 23:19:35 keypool reserve 4
2014-05-04 23:19:35 CreateNewBlock(): total size 1000
2014-05-04 23:19:35 Running BitcoinMiner with 1 transactions in block (186 bytes)
2014-05-04 23:19:35 keypool reserve 5
2014-05-04 23:19:35 CreateNewBlock(): total size 1000
2014-05-04 23:19:35 Running BitcoinMiner with 1 transactions in block (186 bytes)
2014-05-04 23:19:39 connection timeout
2014-05-04 23:19:39 hashmeter   2129 khash/s
2014-05-04 23:19:40 trying connection 54.82.43.23:18334 lastseen=360901.5hrs
2014-05-04 23:19:45 connection timeout
2014-05-04 23:19:45 trying connection 184.72.188.154:18334 lastseen=360901.6hrs
2014-05-04 23:19:50 connection timeout
2014-05-04 23:21:51 trying connection 54.82.101.86:18334 lastseen=360901.6hrs
2014-05-04 23:21:56 connection timeout
2014-05-04 23:21:56 trying connection 54.82.43.23:18334 lastseen=360901.6hrs
2014-05-04 23:22:01 connection timeout
2014-05-04 23:22:02 trying connection 184.72.188.154:18334 lastseen=360901.6hrs
2014-05-04 23:22:07 connection timeout
2014-05-04 23:24:07 trying connection 54.82.101.86:18334 lastseen=360901.6hrs
2014-05-04 23:24:12 connection timeout
2014-05-04 23:24:13 trying connection 54.82.43.23:18334 lastseen=360901.6hrs
2014-05-04 23:24:18 connection timeout
2014-05-04 23:24:18 trying connection 184.72.188.154:18334 lastseen=360901.6hrs
2014-05-04 23:24:23 connection timeout
2014-05-04 23:26:24 trying connection 54.82.101.86:18334 lastseen=360901.7hrs
2014-05-04 23:26:29 connection timeout
2014-05-04 23:26:29 trying connection 54.82.43.23:18334 lastseen=360901.7hrs
2014-05-04 23:26:34 connection timeout
2014-05-04 23:26:35 trying connection 184.72.188.154:18334 lastseen=360901.7hrs
2014-05-04 23:26:40 connection timeout
2014-05-04 23:28:40 trying connection 54.82.101.86:18334 lastseen=360901.7hrs
2014-05-04 23:28:45 connection timeout
2014-05-04 23:28:46 trying connection 54.82.43.23:18334 lastseen=360901.7hrs
2014-05-04 23:28:51 connection timeout
2014-05-04 23:28:51 trying connection 184.72.188.154:18334 lastseen=360901.7hrs
2014-05-04 23:28:56 connection timeout
2014-05-04 23:30:57 trying connection 54.82.101.86:18334 lastseen=360901.7hrs
2014-05-04 23:31:02 connection timeout
2014-05-04 23:31:02 trying connection 54.82.43.23:18334 lastseen=360901.7hrs
2014-05-04 23:31:07 connection timeout
2014-05-04 23:31:08 trying connection 184.72.188.154:18334 lastseen=360901.7hrs
2014-05-04 23:31:13 connection timeout
2014-05-04 23:33:13 trying connection 54.82.101.86:18334 lastseen=360901.8hrs
2014-05-04 23:33:18 connection timeout
2014-05-04 23:33:19 trying connection 54.82.43.23:18334 lastseen=360901.8hrs
2014-05-04 23:33:24 connection timeout
2014-05-04 23:33:24 trying connection 184.72.188.154:18334 lastseen=360901.8hrs
2014-05-04 23:33:29 connection timeout
2014-05-04 23:34:34 Flushed 4 addresses to peers.dat  3ms
2014-05-04 23:34:38 BitcoinMiner:
2014-05-04 23:34:38 proof-of-work found  
  hash: 00000000e4bcd0b56829d8b11b71ce914f3616d62a8705bc4642e059aa957e19  
target: 00000000ffff0000000000000000000000000000000000000000000000000000
2014-05-04 23:34:38 CBlock(hash=00000000e4bcd0b56829d8b11b71ce914f3616d62a8705bc4642e059aa957e19, ver=2, hashPrevBlock=000000002290b3e9b6b6c414ad9a85d2e9b35a0c7e4f531f12728bf918ae3fbb, hashMerkleRoot=32d5074f1fa7c1bab64f8afada22b420b20d62c4e5e5bd777744ce06d4822d50, nTime=1399246478, nBits=1d00ffff, nNonce=960091677, vtx=1)
2014-05-04 23:34:38   CTransaction(hash=32d5074f1fa7c1bab64f8afada22b420b20d62c4e5e5bd777744ce06d4822d50, ver=1, vin.size=1, vout.size=1, nLockTime=0)
    CTxIn(COutPoint(0000000000000000000000000000000000000000000000000000000000000000, 4294967295), coinbase 510101062f503253482f)
    CTxOut(nValue=50.00000000, scriptPubKey=0277abd5d226110364abcbaecb846c)
  vMerkleTree: 32d5074f1fa7c1bab64f8afada22b420b20d62c4e5e5bd777744ce06d4822d50 
2014-05-04 23:34:38 generated 50.00
2014-05-04 23:34:38 keypool keep 3
2014-05-04 23:34:38 Pre-allocating up to position 0x100000 in rev00000.dat
2014-05-04 23:34:38 AddToWallet 32d5074f1fa7c1bab64f8afada22b420b20d62c4e5e5bd777744ce06d4822d50  new
2014-05-04 23:34:38 SetBestChain: new best=00000000e4bcd0b56829d8b11b71ce914f3616d62a8705bc4642e059aa957e19  height=1  log2_work=33.495026  tx=2  date=2014-05-04 23:34:38 progress=0.000002
2014-05-04 23:34:38 ProcessBlock: ACCEPTED
2014-05-04 23:34:38 keypool added key 106, size=101
2014-05-04 23:34:38 keypool reserve 6
2014-05-04 23:34:38 CreateNewBlock(): total size 1000
2014-05-04 23:34:38 Running BitcoinMiner with 1 transactions in block (186 bytes)
2014-05-04 23:34:38 CreateNewBlock(): total size 1000
2014-05-04 23:34:38 Running BitcoinMiner with 1 transactions in block (186 bytes)
2014-05-04 23:34:38 CreateNewBlock(): total size 1000
2014-05-04 23:34:38 Running BitcoinMiner with 1 transactions in block (186 bytes)
2014-05-04 23:34:38 CreateNewBlock(): total size 1000
2014-05-04 23:34:38 Running BitcoinMiner with 1 transactions in block (186 bytes)
2014-05-04 23:34:38 received getdata for: block 00000000e4bcd0b56829d8b11b71ce914f3616d62a8705bc4642e059aa957e19
2014-05-04 23:34:40 Flushing wallet.dat
2014-05-04 23:34:40 Flushed wallet.dat 3ms
2014-05-04 23:35:30 trying connection 54.82.101.86:18334 lastseen=360901.8hrs
2014-05-04 23:35:35 connection timeout
2014-05-04 23:35:35 trying connection 54.82.43.23:18334 lastseen=360901.8hrs
2014-05-04 23:35:40 connection timeout
2014-05-04 23:35:41 trying connection 184.72.188.154:18334 lastseen=360901.8hrs
2014-05-04 23:35:46 connection timeout
2014-05-04 23:37:46 trying connection 54.82.101.86:18334 lastseen=360901.9hrs
2014-05-04 23:37:51 connection timeout
2014-05-04 23:37:52 trying connection 54.82.43.23:18334 lastseen=360901.9hrs
2014-05-04 23:37:57 connection timeout
2014-05-04 23:37:57 trying connection 184.72.188.154:18334 lastseen=360901.9hrs
2014-05-04 23:38:02 connection timeout
2014-05-04 23:40:03 trying connection 54.82.101.86:18334 lastseen=360901.9hrs
2014-05-04 23:40:08 connection timeout
2014-05-04 23:40:08 trying connection 54.82.43.23:18334 lastseen=360901.9hrs
2014-05-04 23:40:13 connection timeout
2014-05-04 23:40:14 trying connection 184.72.188.154:18334 lastseen=360901.9hrs
2014-05-04 23:40:19 connection timeout
2014-05-04 23:42:19 trying connection 54.82.101.86:18334 lastseen=360901.9hrs
2014-05-04 23:42:24 connection timeout
2014-05-04 23:42:25 trying connection 54.82.43.23:18334 lastseen=360901.9hrs
2014-05-04 23:42:30 connection timeout
2014-05-04 23:42:30 trying connection 184.72.188.154:18334 lastseen=360901.9hrs
2014-05-04 23:42:35 connection timeout
2014-05-04 23:44:36 trying connection 54.82.101.86:18334 lastseen=360902.0hrs
2014-05-04 23:44:41 connection timeout
2014-05-04 23:44:41 trying connection 54.82.43.23:18334 lastseen=360902.0hrs
2014-05-04 23:44:46 connection timeout
2014-05-04 23:44:47 trying connection 184.72.188.154:18334 lastseen=360902.0hrs
2014-05-04 23:44:52 connection timeout
2014-05-04 23:46:52 trying connection 54.82.101.86:18334 lastseen=360902.0hrs
2014-05-04 23:46:57 connection timeout
2014-05-04 23:46:58 trying connection 54.82.43.23:18334 lastseen=360902.0hrs
2014-05-04 23:47:03 connection timeout
2014-05-04 23:47:03 trying connection 184.72.188.154:18334 lastseen=360902.0hrs
2014-05-04 23:47:08 connection timeout
2014-05-04 23:49:09 trying connection 54.82.101.86:18334 lastseen=360902.0hrs
2014-05-04 23:49:14 connection timeout
2014-05-04 23:49:14 trying connection 54.82.43.23:18334 lastseen=360902.0hrs
2014-05-04 23:49:19 connection timeout
2014-05-04 23:49:20 trying connection 184.72.188.154:18334 lastseen=360902.0hrs
2014-05-04 23:49:25 connection timeout
2014-05-04 23:49:34 Flushed 4 addresses to peers.dat  3ms
2014-05-04 23:49:40 hashmeter   2211 khash/s
2014-05-04 23:51:25 trying connection 54.82.101.86:18334 lastseen=360902.1hrs
2014-05-04 23:51:30 connection timeout
2014-05-04 23:51:31 trying connection 54.82.43.23:18334 lastseen=360902.1hrs
2014-05-04 23:51:36 connection timeout
2014-05-04 23:51:36 trying connection 184.72.188.154:18334 lastseen=360902.1hrs
2014-05-04 23:51:41 connection timeout
2014-05-04 23:53:42 trying connection 54.82.101.86:18334 lastseen=360902.1hrs
2014-05-04 23:53:47 connection timeout
2014-05-04 23:53:47 trying connection 54.82.43.23:18334 lastseen=360902.1hrs
2014-05-04 23:53:52 connection timeout
2014-05-04 23:53:53 trying connection 184.72.188.154:18334 lastseen=360902.1hrs
2014-05-04 23:53:58 connection timeout
2014-05-04 23:55:58 trying connection 54.82.101.86:18334 lastseen=360902.2hrs
2014-05-04 23:56:03 connection timeout
2014-05-04 23:56:04 trying connection 54.82.43.23:18334 lastseen=360902.2hrs
2014-05-04 23:56:09 connection timeout
2014-05-04 23:56:09 trying connection 184.72.188.154:18334 lastseen=360902.2hrs
2014-05-04 23:56:14 connection timeout
2014-05-04 23:58:15 trying connection 54.82.101.86:18334 lastseen=360902.2hrs
2014-05-04 23:58:20 connection timeout
2014-05-04 23:58:20 trying connection 54.82.43.23:18334 lastseen=360902.2hrs
2014-05-04 23:58:26 connection timeout
2014-05-04 23:58:26 trying connection 184.72.188.154:18334 lastseen=360902.2hrs
2014-05-04 23:58:31 connection timeout
2014-05-05 00:00:32 trying connection 54.82.101.86:18334 lastseen=360902.2hrs
2014-05-05 00:00:37 connection timeout
2014-05-05 00:00:37 trying connection 54.82.43.23:18334 lastseen=360902.2hrs
2014-05-05 00:00:42 connection timeout
2014-05-05 00:00:43 trying connection 184.72.188.154:18334 lastseen=360902.2hrs
2014-05-05 00:00:48 connection timeout
2014-05-05 00:02:48 trying connection 54.82.101.86:18334 lastseen=360902.3hrs
2014-05-05 00:02:53 connection timeout
2014-05-05 00:02:54 trying connection 54.82.43.23:18334 lastseen=360902.3hrs
2014-05-05 00:02:59 connection timeout
2014-05-05 00:02:59 trying connection 184.72.188.154:18334 lastseen=360902.3hrs
2014-05-05 00:03:04 connection timeout
2014-05-05 00:04:34 Flushed 4 addresses to peers.dat  3ms
2014-05-05 00:05:05 trying connection 54.82.101.86:18334 lastseen=360902.3hrs
2014-05-05 00:05:10 connection timeout
2014-05-05 00:05:10 trying connection 54.82.43.23:18334 lastseen=360902.3hrs
2014-05-05 00:05:15 connection timeout
2014-05-05 00:05:16 trying connection 184.72.188.154:18334 lastseen=360902.3hrs
2014-05-05 00:05:21 connection timeout
2014-05-05 00:07:21 trying connection 54.82.101.86:18334 lastseen=360902.3hrs
2014-05-05 00:07:26 connection timeout
2014-05-05 00:07:27 trying connection 54.82.43.23:18334 lastseen=360902.3hrs
2014-05-05 00:07:32 connection timeout
2014-05-05 00:07:32 trying connection 184.72.188.154:18334 lastseen=360902.3hrs
2014-05-05 00:07:37 connection timeout
2014-05-05 00:09:38 trying connection 54.82.101.86:18334 lastseen=360902.4hrs
2014-05-05 00:09:43 connection timeout
2014-05-05 00:09:43 trying connection 54.82.43.23:18334 lastseen=360902.4hrs
2014-05-05 00:09:48 connection timeout
2014-05-05 00:09:49 trying connection 184.72.188.154:18334 lastseen=360902.4hrs
2014-05-05 00:09:54 connection timeout
2014-05-05 00:11:54 trying connection 54.82.101.86:18334 lastseen=360902.4hrs
2014-05-05 00:11:59 connection timeout
2014-05-05 00:12:00 trying connection 54.82.43.23:18334 lastseen=360902.4hrs
2014-05-05 00:12:05 connection timeout
2014-05-05 00:12:05 trying connection 184.72.188.154:18334 lastseen=360902.4hrs
2014-05-05 00:12:10 connection timeout
2014-05-05 00:14:11 trying connection 54.82.101.86:18334 lastseen=360902.5hrs
2014-05-05 00:14:16 connection timeout
2014-05-05 00:14:16 trying connection 54.82.43.23:18334 lastseen=360902.5hrs
2014-05-05 00:14:21 connection timeout
2014-05-05 00:14:22 trying connection 184.72.188.154:18334 lastseen=360902.5hrs
2014-05-05 00:14:27 connection timeout
2014-05-05 00:16:27 trying connection 54.82.101.86:18334 lastseen=360902.5hrs
2014-05-05 00:16:32 connection timeout
2014-05-05 00:16:33 trying connection 54.82.43.23:18334 lastseen=360902.5hrs
2014-05-05 00:16:38 connection timeout
2014-05-05 00:16:38 trying connection 184.72.188.154:18334 lastseen=360902.5hrs
2014-05-05 00:16:43 connection timeout
2014-05-05 00:18:44 trying connection 54.82.101.86:18334 lastseen=360902.5hrs
2014-05-05 00:18:49 connection timeout
2014-05-05 00:18:49 trying connection 54.82.43.23:18334 lastseen=360902.5hrs
2014-05-05 00:18:54 connection timeout
2014-05-05 00:18:55 trying connection 184.72.188.154:18334 lastseen=360902.5hrs
2014-05-05 00:19:00 connection timeout
2014-05-05 00:19:34 Flushed 4 addresses to peers.dat  3ms
2014-05-05 00:19:42 hashmeter   2229 khash/s
2014-05-05 00:21:00 trying connection 54.82.101.86:18334 lastseen=360902.6hrs
2014-05-05 00:21:05 connection timeout
2014-05-05 00:21:06 trying connection 54.82.43.23:18334 lastseen=360902.6hrs
2014-05-05 00:21:11 connection timeout
2014-05-05 00:21:11 trying connection 184.72.188.154:18334 lastseen=360902.6hrs
2014-05-05 00:21:16 connection timeout
2014-05-05 00:23:17 trying connection 54.82.101.86:18334 lastseen=360902.6hrs
2014-05-05 00:23:22 connection timeout
2014-05-05 00:23:22 trying connection 54.82.43.23:18334 lastseen=360902.6hrs
2014-05-05 00:23:27 connection timeout
2014-05-05 00:23:28 trying connection 184.72.188.154:18334 lastseen=360902.6hrs
2014-05-05 00:23:33 connection timeout
2014-05-05 00:25:33 trying connection 54.82.101.86:18334 lastseen=360902.6hrs
2014-05-05 00:25:38 connection timeout
2014-05-05 00:25:39 trying connection 54.82.43.23:18334 lastseen=360902.6hrs
2014-05-05 00:25:44 connection timeout
2014-05-05 00:25:44 trying connection 184.72.188.154:18334 lastseen=360902.7hrs
2014-05-05 00:25:49 connection timeout
2014-05-05 00:27:50 trying connection 54.82.101.86:18334 lastseen=360902.7hrs
2014-05-05 00:27:55 connection timeout
2014-05-05 00:27:55 trying connection 54.82.43.23:18334 lastseen=360902.7hrs
2014-05-05 00:28:00 connection timeout
2014-05-05 00:28:01 trying connection 184.72.188.154:18334 lastseen=360902.7hrs
2014-05-05 00:28:06 connection timeout
2014-05-05 00:30:06 trying connection 54.82.101.86:18334 lastseen=360902.7hrs
2014-05-05 00:30:11 connection timeout
2014-05-05 00:30:12 trying connection 54.82.43.23:18334 lastseen=360902.7hrs
2014-05-05 00:30:17 connection timeout
2014-05-05 00:30:17 trying connection 184.72.188.154:18334 lastseen=360902.7hrs
2014-05-05 00:30:22 connection timeout
2014-05-05 00:32:23 trying connection 54.82.101.86:18334 lastseen=360902.8hrs
2014-05-05 00:32:28 connection timeout
2014-05-05 00:32:28 trying connection 54.82.43.23:18334 lastseen=360902.8hrs
2014-05-05 00:32:33 connection timeout
2014-05-05 00:32:34 trying connection 184.72.188.154:18334 lastseen=360902.8hrs
2014-05-05 00:32:39 connection timeout
2014-05-05 00:34:06 BitcoinMiner:
2014-05-05 00:34:06 proof-of-work found  
  hash: 000000009a2a11d46311c8febe0eb7cb3833947f24cee6c2ea07312c24a32ba1  
target: 00000000ffff0000000000000000000000000000000000000000000000000000
2014-05-05 00:34:06 CBlock(hash=000000009a2a11d46311c8febe0eb7cb3833947f24cee6c2ea07312c24a32ba1, ver=2, hashPrevBlock=00000000e4bcd0b56829d8b11b71ce914f3616d62a8705bc4642e059aa957e19, hashMerkleRoot=8359cc66bafa13dd4df33667f78d1799d5350f2569896d0e4da5210736c1803b, nTime=1399250046, nBits=1d00ffff, nNonce=3165320821, vtx=1)
2014-05-05 00:34:06   CTransaction(hash=8359cc66bafa13dd4df33667f78d1799d5350f2569896d0e4da5210736c1803b, ver=1, vin.size=1, vout.size=1, nLockTime=0)
    CTxIn(COutPoint(0000000000000000000000000000000000000000000000000000000000000000, 4294967295), coinbase 520102062f503253482f)
    CTxOut(nValue=50.00000000, scriptPubKey=034505de7f7d25d530b26a1999be78)
  vMerkleTree: 8359cc66bafa13dd4df33667f78d1799d5350f2569896d0e4da5210736c1803b 
2014-05-05 00:34:06 generated 50.00
2014-05-05 00:34:06 keypool keep 4
2014-05-05 00:34:06 AddToWallet 8359cc66bafa13dd4df33667f78d1799d5350f2569896d0e4da5210736c1803b  new
2014-05-05 00:34:06 SetBestChain: new best=000000009a2a11d46311c8febe0eb7cb3833947f24cee6c2ea07312c24a32ba1  height=2  log2_work=33.933084  tx=3  date=2014-05-05 00:34:06 progress=0.000003
2014-05-05 00:34:06 ProcessBlock: ACCEPTED
2014-05-05 00:34:06 keypool added key 107, size=101
2014-05-05 00:34:06 keypool reserve 7
2014-05-05 00:34:06 CreateNewBlock(): total size 1000
2014-05-05 00:34:06 Running BitcoinMiner with 1 transactions in block (186 bytes)
2014-05-05 00:34:06 CreateNewBlock(): total size 1000
2014-05-05 00:34:06 Running BitcoinMiner with 1 transactions in block (186 bytes)
2014-05-05 00:34:06 CreateNewBlock(): total size 1000
2014-05-05 00:34:06 Running BitcoinMiner with 1 transactions in block (186 bytes)
2014-05-05 00:34:06 CreateNewBlock(): total size 1000
2014-05-05 00:34:06 Running BitcoinMiner with 1 transactions in block (186 bytes)
2014-05-05 00:34:06 received getdata for: block 000000009a2a11d46311c8febe0eb7cb3833947f24cee6c2ea07312c24a32ba1
2014-05-05 00:34:08 Flushing wallet.dat
2014-05-05 00:34:08 Flushed wallet.dat 2ms
2014-05-05 00:34:34 Flushed 4 addresses to peers.dat  3ms
2014-05-05 00:34:39 trying connection 54.82.101.86:18334 lastseen=360902.8hrs
2014-05-05 00:34:44 connection timeout
2014-05-05 00:34:45 trying connection 54.82.43.23:18334 lastseen=360902.8hrs
2014-05-05 00:34:50 connection timeout
2014-05-05 00:34:50 trying connection 184.72.188.154:18334 lastseen=360902.8hrs
2014-05-05 00:34:55 connection timeout
2014-05-05 00:36:56 trying connection 54.82.101.86:18334 lastseen=360902.8hrs
2014-05-05 00:37:01 connection timeout
2014-05-05 00:37:01 trying connection 54.82.43.23:18334 lastseen=360902.8hrs
2014-05-05 00:37:06 connection timeout
2014-05-05 00:37:07 trying connection 184.72.188.154:18334 lastseen=360902.8hrs
2014-05-05 00:37:12 connection timeout
2014-05-05 00:38:21 BitcoinMiner:
2014-05-05 00:38:21 proof-of-work found  
  hash: 000000002157fcf1526e85a744767fa310a9a4e9e144afcdb8c75e0afe6edb6b  
target: 00000000ffff0000000000000000000000000000000000000000000000000000
2014-05-05 00:38:21 CBlock(hash=000000002157fcf1526e85a744767fa310a9a4e9e144afcdb8c75e0afe6edb6b, ver=2, hashPrevBlock=000000009a2a11d46311c8febe0eb7cb3833947f24cee6c2ea07312c24a32ba1, hashMerkleRoot=ff55bd964cbfcbba81c500b21642e5700548e5b661ae41731a7150afdc99dc7a, nTime=1399250301, nBits=1d00ffff, nNonce=3131011592, vtx=1)
2014-05-05 00:38:21   CTransaction(hash=ff55bd964cbfcbba81c500b21642e5700548e5b661ae41731a7150afdc99dc7a, ver=1, vin.size=1, vout.size=1, nLockTime=0)
    CTxIn(COutPoint(0000000000000000000000000000000000000000000000000000000000000000, 4294967295), coinbase 530103062f503253482f)
    CTxOut(nValue=50.00000000, scriptPubKey=0303cac80a35e638e580f5b033c78a)
  vMerkleTree: ff55bd964cbfcbba81c500b21642e5700548e5b661ae41731a7150afdc99dc7a 
2014-05-05 00:38:21 generated 50.00
2014-05-05 00:38:21 keypool keep 5
2014-05-05 00:38:21 AddToWallet ff55bd964cbfcbba81c500b21642e5700548e5b661ae41731a7150afdc99dc7a  new
2014-05-05 00:38:21 SetBestChain: new best=000000002157fcf1526e85a744767fa310a9a4e9e144afcdb8c75e0afe6edb6b  height=3  log2_work=34.268651  tx=4  date=2014-05-05 00:38:21 progress=0.000004
2014-05-05 00:38:21 ProcessBlock: ACCEPTED
2014-05-05 00:38:21 keypool added key 108, size=101
2014-05-05 00:38:21 keypool reserve 8
2014-05-05 00:38:21 CreateNewBlock(): total size 1000
2014-05-05 00:38:21 Running BitcoinMiner with 1 transactions in block (186 bytes)
2014-05-05 00:38:21 CreateNewBlock(): total size 1000
2014-05-05 00:38:21 Running BitcoinMiner with 1 transactions in block (186 bytes)
2014-05-05 00:38:21 CreateNewBlock(): total size 1000
2014-05-05 00:38:21 Running BitcoinMiner with 1 transactions in block (186 bytes)
2014-05-05 00:38:21 CreateNewBlock(): total size 1000
2014-05-05 00:38:21 Running BitcoinMiner with 1 transactions in block (186 bytes)
2014-05-05 00:38:21 received getdata for: block 000000002157fcf1526e85a744767fa310a9a4e9e144afcdb8c75e0afe6edb6b
2014-05-05 00:38:23 Flushing wallet.dat
2014-05-05 00:38:23 Flushed wallet.dat 3ms
2014-05-05 00:39:12 trying connection 54.82.101.86:18334 lastseen=360902.9hrs
2014-05-05 00:39:17 connection timeout
2014-05-05 00:39:18 trying connection 54.82.43.23:18334 lastseen=360902.9hrs
2014-05-05 00:39:23 connection timeout
2014-05-05 00:39:23 trying connection 184.72.188.154:18334 lastseen=360902.9hrs
2014-05-05 00:39:28 connection timeout
2014-05-05 00:41:29 trying connection 54.82.101.86:18334 lastseen=360902.9hrs
2014-05-05 00:41:34 connection timeout
2014-05-05 00:41:34 trying connection 54.82.43.23:18334 lastseen=360902.9hrs
2014-05-05 00:41:39 connection timeout
2014-05-05 00:41:40 trying connection 184.72.188.154:18334 lastseen=360902.9hrs
2014-05-05 00:41:45 connection timeout
2014-05-05 00:43:45 trying connection 54.82.101.86:18334 lastseen=360903.0hrs
2014-05-05 00:43:50 connection timeout
2014-05-05 00:43:51 trying connection 54.82.43.23:18334 lastseen=360903.0hrs
2014-05-05 00:43:56 connection timeout
2014-05-05 00:43:56 trying connection 184.72.188.154:18334 lastseen=360903.0hrs
2014-05-05 00:44:01 connection timeout
2014-05-05 00:44:20 ThreadRPCServer method=getpeerinfo
2014-05-05 00:44:34 ThreadRPCServer method=getbalance
2014-05-05 00:44:51 ThreadRPCServer method=getblock
2014-05-05 00:44:54 ThreadRPCServer method=getblockhash
2014-05-05 00:46:02 trying connection 54.82.101.86:18334 lastseen=360903.0hrs
2014-05-05 00:46:07 connection timeout
2014-05-05 00:46:07 trying connection 54.82.43.23:18334 lastseen=360903.0hrs
2014-05-05 00:46:12 connection timeout
2014-05-05 00:46:13 trying connection 184.72.188.154:18334 lastseen=360903.0hrs
2014-05-05 00:46:18 connection timeout
2014-05-05 00:48:18 trying connection 54.82.101.86:18334 lastseen=360903.0hrs
2014-05-05 00:48:23 connection timeout
2014-05-05 00:48:24 trying connection 54.82.43.23:18334 lastseen=360903.0hrs
2014-05-05 00:48:29 connection timeout
2014-05-05 00:48:29 trying connection 184.72.188.154:18334 lastseen=360903.0hrs
2014-05-05 00:48:34 connection timeout
2014-05-05 00:49:34 Flushed 4 addresses to peers.dat  3ms
2014-05-05 00:49:44 hashmeter   2220 khash/s
2014-05-05 00:50:35 trying connection 54.82.101.86:18334 lastseen=360903.1hrs
2014-05-05 00:50:40 connection timeout
2014-05-05 00:50:40 trying connection 54.82.43.23:18334 lastseen=360903.1hrs
2014-05-05 00:50:45 connection timeout
2014-05-05 00:50:46 trying connection 184.72.188.154:18334 lastseen=360903.1hrs
2014-05-05 00:50:51 connection timeout
2014-05-05 00:52:51 trying connection 54.82.101.86:18334 lastseen=360903.1hrs
2014-05-05 00:52:56 connection timeout
2014-05-05 00:52:57 trying connection 54.82.43.23:18334 lastseen=360903.1hrs
2014-05-05 00:53:02 connection timeout
2014-05-05 00:53:02 trying connection 184.72.188.154:18334 lastseen=360903.1hrs
2014-05-05 00:53:07 connection timeout
2014-05-05 00:55:08 trying connection 54.82.101.86:18334 lastseen=360903.1hrs
2014-05-05 00:55:13 connection timeout
2014-05-05 00:55:13 trying connection 54.82.43.23:18334 lastseen=360903.1hrs
2014-05-05 00:55:18 connection timeout
2014-05-05 00:55:19 trying connection 184.72.188.154:18334 lastseen=360903.1hrs
2014-05-05 00:55:24 connection timeout
2014-05-05 00:57:24 trying connection 54.82.101.86:18334 lastseen=360903.2hrs
2014-05-05 00:57:29 connection timeout
2014-05-05 00:57:30 trying connection 54.82.43.23:18334 lastseen=360903.2hrs
2014-05-05 00:57:35 connection timeout
2014-05-05 00:57:35 trying connection 184.72.188.154:18334 lastseen=360903.2hrs
2014-05-05 00:57:40 connection timeout
2014-05-05 00:59:41 trying connection 54.82.101.86:18334 lastseen=360903.2hrs
2014-05-05 00:59:46 connection timeout
2014-05-05 00:59:46 trying connection 54.82.43.23:18334 lastseen=360903.2hrs
2014-05-05 00:59:51 connection timeout
2014-05-05 00:59:52 trying connection 184.72.188.154:18334 lastseen=360903.2hrs
2014-05-05 00:59:57 connection timeout
2014-05-05 01:01:57 trying connection 54.82.101.86:18334 lastseen=360903.3hrs
2014-05-05 01:02:02 connection timeout
2014-05-05 01:02:03 trying connection 54.82.43.23:18334 lastseen=360903.3hrs
2014-05-05 01:02:08 connection timeout
2014-05-05 01:02:08 trying connection 184.72.188.154:18334 lastseen=360903.3hrs
2014-05-05 01:02:13 connection timeout
2014-05-05 01:04:14 trying connection 54.82.101.86:18334 lastseen=360903.3hrs
2014-05-05 01:04:19 connection timeout
2014-05-05 01:04:19 trying connection 54.82.43.23:18334 lastseen=360903.3hrs
2014-05-05 01:04:24 connection timeout
2014-05-05 01:04:25 trying connection 184.72.188.154:18334 lastseen=360903.3hrs
2014-05-05 01:04:30 connection timeout
2014-05-05 01:04:34 Flushed 4 addresses to peers.dat  2ms
2014-05-05 01:06:30 trying connection 54.82.101.86:18334 lastseen=360903.3hrs
2014-05-05 01:06:35 connection timeout
2014-05-05 01:06:36 trying connection 54.82.43.23:18334 lastseen=360903.3hrs
2014-05-05 01:06:41 connection timeout
2014-05-05 01:06:41 trying connection 184.72.188.154:18334 lastseen=360903.3hrs
2014-05-05 01:06:46 connection timeout
2014-05-05 01:08:47 trying connection 54.82.101.86:18334 lastseen=360903.4hrs
2014-05-05 01:08:52 connection timeout
2014-05-05 01:08:52 trying connection 54.82.43.23:18334 lastseen=360903.4hrs
2014-05-05 01:08:57 connection timeout
2014-05-05 01:08:58 trying connection 184.72.188.154:18334 lastseen=360903.4hrs
2014-05-05 01:09:03 connection timeout
2014-05-05 01:11:03 trying connection 54.82.101.86:18334 lastseen=360903.4hrs
2014-05-05 01:11:08 connection timeout
2014-05-05 01:11:09 trying connection 54.82.43.23:18334 lastseen=360903.4hrs
2014-05-05 01:11:14 connection timeout
2014-05-05 01:11:14 trying connection 184.72.188.154:18334 lastseen=360903.4hrs
2014-05-05 01:11:19 connection timeout
2014-05-05 01:13:20 trying connection 54.82.101.86:18334 lastseen=360903.4hrs
2014-05-05 01:13:25 connection timeout
2014-05-05 01:13:25 trying connection 54.82.43.23:18334 lastseen=360903.4hrs
2014-05-05 01:13:30 connection timeout
2014-05-05 01:13:31 trying connection 184.72.188.154:18334 lastseen=360903.4hrs
2014-05-05 01:13:36 connection timeout
2014-05-05 01:15:36 trying connection 54.82.101.86:18334 lastseen=360903.5hrs
2014-05-05 01:15:41 connection timeout
2014-05-05 01:15:42 trying connection 54.82.43.23:18334 lastseen=360903.5hrs
2014-05-05 01:15:47 connection timeout
2014-05-05 01:15:47 trying connection 184.72.188.154:18334 lastseen=360903.5hrs
2014-05-05 01:15:52 connection timeout
2014-05-05 01:17:53 trying connection 54.82.101.86:18334 lastseen=360903.5hrs
2014-05-05 01:17:58 connection timeout
2014-05-05 01:17:58 trying connection 54.82.43.23:18334 lastseen=360903.5hrs
2014-05-05 01:18:03 connection timeout
2014-05-05 01:18:04 trying connection 184.72.188.154:18334 lastseen=360903.5hrs
2014-05-05 01:18:09 connection timeout
2014-05-05 01:19:34 Flushed 4 addresses to peers.dat  3ms
2014-05-05 01:19:46 hashmeter   2204 khash/s
2014-05-05 01:20:09 trying connection 54.82.101.86:18334 lastseen=360903.6hrs
2014-05-05 01:20:14 connection timeout
2014-05-05 01:20:15 trying connection 54.82.43.23:18334 lastseen=360903.6hrs
2014-05-05 01:20:20 connection timeout
2014-05-05 01:20:20 trying connection 184.72.188.154:18334 lastseen=360903.6hrs
2014-05-05 01:20:25 connection timeout
2014-05-05 01:22:26 trying connection 54.82.101.86:18334 lastseen=360903.6hrs
2014-05-05 01:22:31 connection timeout
2014-05-05 01:22:31 trying connection 54.82.43.23:18334 lastseen=360903.6hrs
2014-05-05 01:22:36 connection timeout
2014-05-05 01:22:37 trying connection 184.72.188.154:18334 lastseen=360903.6hrs
2014-05-05 01:22:42 connection timeout
2014-05-05 01:24:42 trying connection 54.82.101.86:18334 lastseen=360903.6hrs
2014-05-05 01:24:47 connection timeout
2014-05-05 01:24:48 trying connection 54.82.43.23:18334 lastseen=360903.6hrs
2014-05-05 01:24:53 connection timeout
2014-05-05 01:24:53 trying connection 184.72.188.154:18334 lastseen=360903.6hrs
2014-05-05 01:24:58 connection timeout
2014-05-05 01:26:59 trying connection 54.82.101.86:18334 lastseen=360903.7hrs
2014-05-05 01:27:04 connection timeout
2014-05-05 01:27:04 trying connection 54.82.43.23:18334 lastseen=360903.7hrs
2014-05-05 01:27:09 connection timeout
2014-05-05 01:27:10 trying connection 184.72.188.154:18334 lastseen=360903.7hrs
2014-05-05 01:27:15 connection timeout
2014-05-05 01:29:15 trying connection 54.82.101.86:18334 lastseen=360903.7hrs
2014-05-05 01:29:20 connection timeout
2014-05-05 01:29:21 trying connection 54.82.43.23:18334 lastseen=360903.7hrs
2014-05-05 01:29:26 connection timeout
2014-05-05 01:29:27 trying connection 184.72.188.154:18334 lastseen=360903.7hrs
2014-05-05 01:29:32 connection timeout
2014-05-05 01:30:20 BitcoinMiner:
2014-05-05 01:30:20 proof-of-work found  
  hash: 000000002d429ee49b7fa321c3cb3445a12771f474e463fbf3d4dce326de6a4e  
target: 00000000ffff0000000000000000000000000000000000000000000000000000
2014-05-05 01:30:20 CBlock(hash=000000002d429ee49b7fa321c3cb3445a12771f474e463fbf3d4dce326de6a4e, ver=2, hashPrevBlock=000000002157fcf1526e85a744767fa310a9a4e9e144afcdb8c75e0afe6edb6b, hashMerkleRoot=9576baaeddc7dfb4d8fef8062708384431cdd6a59776e79c5bf8db495e26736e, nTime=1399253420, nBits=1d00ffff, nNonce=658444135, vtx=1)
2014-05-05 01:30:20   CTransaction(hash=9576baaeddc7dfb4d8fef8062708384431cdd6a59776e79c5bf8db495e26736e, ver=1, vin.size=1, vout.size=1, nLockTime=0)
    CTxIn(COutPoint(0000000000000000000000000000000000000000000000000000000000000000, 4294967295), coinbase 540102062f503253482f)
    CTxOut(nValue=50.00000000, scriptPubKey=033e8ef03eb8140e5513d382e67239)
  vMerkleTree: 9576baaeddc7dfb4d8fef8062708384431cdd6a59776e79c5bf8db495e26736e 
2014-05-05 01:30:20 generated 50.00
2014-05-05 01:30:20 keypool keep 7
2014-05-05 01:30:20 AddToWallet 9576baaeddc7dfb4d8fef8062708384431cdd6a59776e79c5bf8db495e26736e  new
2014-05-05 01:30:20 SetBestChain: new best=000000002d429ee49b7fa321c3cb3445a12771f474e463fbf3d4dce326de6a4e  height=4  log2_work=34.540706  tx=5  date=2014-05-05 01:30:20 progress=0.000005
2014-05-05 01:30:20 ProcessBlock: ACCEPTED
2014-05-05 01:30:20 keypool added key 109, size=101
2014-05-05 01:30:20 keypool reserve 9
2014-05-05 01:30:20 CreateNewBlock(): total size 1000
2014-05-05 01:30:20 Running BitcoinMiner with 1 transactions in block (186 bytes)
2014-05-05 01:30:20 CreateNewBlock(): total size 1000
2014-05-05 01:30:20 Running BitcoinMiner with 1 transactions in block (186 bytes)
2014-05-05 01:30:20 CreateNewBlock(): total size 1000
2014-05-05 01:30:20 Running BitcoinMiner with 1 transactions in block (186 bytes)
2014-05-05 01:30:20 CreateNewBlock(): total size 1000
2014-05-05 01:30:20 Running BitcoinMiner with 1 transactions in block (186 bytes)
2014-05-05 01:30:20 received getdata for: block 000000002d429ee49b7fa321c3cb3445a12771f474e463fbf3d4dce326de6a4e
2014-05-05 01:30:22 Flushing wallet.dat
2014-05-05 01:30:22 Flushed wallet.dat 3ms
2014-05-05 01:31:32 trying connection 54.82.101.86:18334 lastseen=360903.7hrs
2014-05-05 01:31:37 connection timeout
2014-05-05 01:31:38 trying connection 54.82.43.23:18334 lastseen=360903.7hrs
2014-05-05 01:31:43 connection timeout
2014-05-05 01:31:43 trying connection 184.72.188.154:18334 lastseen=360903.8hrs
2014-05-05 01:31:48 connection timeout
2014-05-05 01:33:49 trying connection 54.82.101.86:18334 lastseen=360903.8hrs
2014-05-05 01:33:54 connection timeout
2014-05-05 01:33:54 trying connection 54.82.43.23:18334 lastseen=360903.8hrs
2014-05-05 01:33:59 connection timeout
2014-05-05 01:34:00 trying connection 184.72.188.154:18334 lastseen=360903.8hrs
2014-05-05 01:34:05 connection timeout
2014-05-05 01:34:34 Flushed 4 addresses to peers.dat  3ms
2014-05-05 01:36:05 trying connection 54.82.101.86:18334 lastseen=360903.8hrs
2014-05-05 01:36:10 connection timeout
2014-05-05 01:36:11 trying connection 54.82.43.23:18334 lastseen=360903.8hrs
2014-05-05 01:36:16 connection timeout
2014-05-05 01:36:16 trying connection 184.72.188.154:18334 lastseen=360903.8hrs
2014-05-05 01:36:21 connection timeout
2014-05-05 01:37:32 BitcoinMiner:
2014-05-05 01:37:32 proof-of-work found  
  hash: 00000000d8fa2d5c668737476908152aeff9002f911ce1ef6a36a95a82417506  
target: 00000000ffff0000000000000000000000000000000000000000000000000000
2014-05-05 01:37:32 CBlock(hash=00000000d8fa2d5c668737476908152aeff9002f911ce1ef6a36a95a82417506, ver=2, hashPrevBlock=000000002d429ee49b7fa321c3cb3445a12771f474e463fbf3d4dce326de6a4e, hashMerkleRoot=9b2d7974b6a72a3b8b0274f76e10ed25b11fcb5017f9719a35d9eef2634f152a, nTime=1399253852, nBits=1d00ffff, nNonce=1663580430, vtx=1)
2014-05-05 01:37:32   CTransaction(hash=9b2d7974b6a72a3b8b0274f76e10ed25b11fcb5017f9719a35d9eef2634f152a, ver=1, vin.size=1, vout.size=1, nLockTime=0)
    CTxIn(COutPoint(0000000000000000000000000000000000000000000000000000000000000000, 4294967295), coinbase 550102062f503253482f)
    CTxOut(nValue=50.00000000, scriptPubKey=02f227494c9775ab40f9dc85a4e413)
  vMerkleTree: 9b2d7974b6a72a3b8b0274f76e10ed25b11fcb5017f9719a35d9eef2634f152a 
2014-05-05 01:37:32 generated 50.00
2014-05-05 01:37:32 keypool keep 8
2014-05-05 01:37:32 AddToWallet 9b2d7974b6a72a3b8b0274f76e10ed25b11fcb5017f9719a35d9eef2634f152a  new
2014-05-05 01:37:32 SetBestChain: new best=00000000d8fa2d5c668737476908152aeff9002f911ce1ef6a36a95a82417506  height=5  log2_work=34.769508  tx=6  date=2014-05-05 01:37:32 progress=0.000006
2014-05-05 01:37:32 ProcessBlock: ACCEPTED
2014-05-05 01:37:32 CreateNewBlock(): total size 1000
2014-05-05 01:37:32 Running BitcoinMiner with 1 transactions in block (186 bytes)
2014-05-05 01:37:32 keypool added key 110, size=101
2014-05-05 01:37:32 keypool reserve 10
2014-05-05 01:37:32 CreateNewBlock(): total size 1000
2014-05-05 01:37:32 Running BitcoinMiner with 1 transactions in block (186 bytes)
2014-05-05 01:37:32 CreateNewBlock(): total size 1000
2014-05-05 01:37:32 Running BitcoinMiner with 1 transactions in block (186 bytes)
2014-05-05 01:37:32 CreateNewBlock(): total size 1000
2014-05-05 01:37:32 Running BitcoinMiner with 1 transactions in block (186 bytes)
2014-05-05 01:37:32 received getdata for: block 00000000d8fa2d5c668737476908152aeff9002f911ce1ef6a36a95a82417506
2014-05-05 01:37:34 Flushing wallet.dat
2014-05-05 01:37:34 Flushed wallet.dat 3ms
2014-05-05 01:38:22 trying connection 54.82.101.86:18334 lastseen=360903.9hrs
2014-05-05 01:38:27 connection timeout
2014-05-05 01:38:27 trying connection 54.82.43.23:18334 lastseen=360903.9hrs
2014-05-05 01:38:32 connection timeout
2014-05-05 01:38:33 trying connection 184.72.188.154:18334 lastseen=360903.9hrs
2014-05-05 01:38:38 connection timeout
2014-05-05 01:40:38 trying connection 54.82.101.86:18334 lastseen=360903.9hrs
2014-05-05 01:40:43 connection timeout
2014-05-05 01:40:44 trying connection 54.82.43.23:18334 lastseen=360903.9hrs
2014-05-05 01:40:49 connection timeout
2014-05-05 01:40:49 trying connection 184.72.188.154:18334 lastseen=360903.9hrs
2014-05-05 01:40:54 connection timeout
2014-05-05 01:42:55 trying connection 54.82.101.86:18334 lastseen=360903.9hrs
2014-05-05 01:43:00 connection timeout
2014-05-05 01:43:00 trying connection 54.82.43.23:18334 lastseen=360903.9hrs
2014-05-05 01:43:05 connection timeout
2014-05-05 01:43:06 trying connection 184.72.188.154:18334 lastseen=360903.9hrs
2014-05-05 01:43:11 connection timeout
2014-05-05 01:45:11 trying connection 54.82.101.86:18334 lastseen=360904.0hrs
2014-05-05 01:45:16 connection timeout
2014-05-05 01:45:17 trying connection 54.82.43.23:18334 lastseen=360904.0hrs
2014-05-05 01:45:22 connection timeout
2014-05-05 01:45:22 trying connection 184.72.188.154:18334 lastseen=360904.0hrs
2014-05-05 01:45:27 connection timeout
2014-05-05 01:47:28 trying connection 54.82.101.86:18334 lastseen=360904.0hrs
2014-05-05 01:47:33 connection timeout
2014-05-05 01:47:33 trying connection 54.82.43.23:18334 lastseen=360904.0hrs
2014-05-05 01:47:38 connection timeout
2014-05-05 01:47:39 trying connection 184.72.188.154:18334 lastseen=360904.0hrs
2014-05-05 01:47:44 connection timeout
2014-05-05 01:49:34 Flushed 4 addresses to peers.dat  3ms
2014-05-05 01:49:44 trying connection 54.82.101.86:18334 lastseen=360904.1hrs
2014-05-05 01:49:49 hashmeter   2204 khash/s
2014-05-05 01:49:49 connection timeout
2014-05-05 01:49:50 trying connection 54.82.43.23:18334 lastseen=360904.1hrs
2014-05-05 01:49:55 connection timeout
2014-05-05 01:49:55 trying connection 184.72.188.154:18334 lastseen=360904.1hrs
2014-05-05 01:50:00 connection timeout
2014-05-05 01:52:01 trying connection 54.82.101.86:18334 lastseen=360904.1hrs
2014-05-05 01:52:06 connection timeout
2014-05-05 01:52:06 trying connection 54.82.43.23:18334 lastseen=360904.1hrs
2014-05-05 01:52:11 connection timeout
2014-05-05 01:52:12 trying connection 184.72.188.154:18334 lastseen=360904.1hrs
2014-05-05 01:52:17 connection timeout
2014-05-05 01:54:17 trying connection 54.82.101.86:18334 lastseen=360904.1hrs
2014-05-05 01:54:22 connection timeout
2014-05-05 01:54:23 trying connection 54.82.43.23:18334 lastseen=360904.1hrs
2014-05-05 01:54:28 connection timeout
2014-05-05 01:54:28 trying connection 184.72.188.154:18334 lastseen=360904.1hrs
2014-05-05 01:54:33 connection timeout
2014-05-05 01:56:34 trying connection 54.82.101.86:18334 lastseen=360904.2hrs
2014-05-05 01:56:39 connection timeout
2014-05-05 01:56:39 trying connection 54.82.43.23:18334 lastseen=360904.2hrs
2014-05-05 01:56:44 connection timeout
2014-05-05 01:56:45 trying connection 184.72.188.154:18334 lastseen=360904.2hrs
2014-05-05 01:56:50 connection timeout
2014-05-05 01:58:50 trying connection 54.82.101.86:18334 lastseen=360904.2hrs
2014-05-05 01:58:55 connection timeout
2014-05-05 01:58:56 trying connection 54.82.43.23:18334 lastseen=360904.2hrs
2014-05-05 01:59:01 connection timeout
2014-05-05 01:59:01 trying connection 184.72.188.154:18334 lastseen=360904.2hrs
2014-05-05 01:59:06 connection timeout
2014-05-05 02:01:07 trying connection 54.82.101.86:18334 lastseen=360904.2hrs
2014-05-05 02:01:12 connection timeout
2014-05-05 02:01:12 trying connection 54.82.43.23:18334 lastseen=360904.2hrs
2014-05-05 02:01:17 connection timeout
2014-05-05 02:01:18 trying connection 184.72.188.154:18334 lastseen=360904.2hrs
2014-05-05 02:01:23 connection timeout
2014-05-05 02:03:23 trying connection 54.82.101.86:18334 lastseen=360904.3hrs
2014-05-05 02:03:28 connection timeout
2014-05-05 02:03:29 trying connection 54.82.43.23:18334 lastseen=360904.3hrs
2014-05-05 02:03:34 connection timeout
2014-05-05 02:03:34 trying connection 184.72.188.154:18334 lastseen=360904.3hrs
2014-05-05 02:03:39 connection timeout
2014-05-05 02:04:34 Flushed 4 addresses to peers.dat  3ms
2014-05-05 02:05:40 trying connection 54.82.101.86:18334 lastseen=360904.3hrs
2014-05-05 02:05:45 connection timeout
2014-05-05 02:05:45 trying connection 54.82.43.23:18334 lastseen=360904.3hrs
2014-05-05 02:05:50 connection timeout
2014-05-05 02:05:51 trying connection 184.72.188.154:18334 lastseen=360904.3hrs
2014-05-05 02:05:56 connection timeout
2014-05-05 02:07:56 trying connection 54.82.101.86:18334 lastseen=360904.4hrs
2014-05-05 02:08:01 connection timeout
2014-05-05 02:08:02 trying connection 54.82.43.23:18334 lastseen=360904.4hrs
2014-05-05 02:08:07 connection timeout
2014-05-05 02:08:07 trying connection 184.72.188.154:18334 lastseen=360904.4hrs
2014-05-05 02:08:12 connection timeout
2014-05-05 02:10:13 trying connection 54.82.101.86:18334 lastseen=360904.4hrs
2014-05-05 02:10:18 connection timeout
2014-05-05 02:10:18 trying connection 54.82.43.23:18334 lastseen=360904.4hrs
2014-05-05 02:10:23 connection timeout
2014-05-05 02:10:24 trying connection 184.72.188.154:18334 lastseen=360904.4hrs
2014-05-05 02:10:29 connection timeout
2014-05-05 02:12:29 trying connection 54.82.101.86:18334 lastseen=360904.4hrs
2014-05-05 02:12:34 connection timeout
2014-05-05 02:12:35 trying connection 54.82.43.23:18334 lastseen=360904.4hrs
2014-05-05 02:12:40 connection timeout
2014-05-05 02:12:40 trying connection 184.72.188.154:18334 lastseen=360904.4hrs
2014-05-05 02:12:45 connection timeout
2014-05-05 02:14:46 trying connection 54.82.101.86:18334 lastseen=360904.5hrs
2014-05-05 02:14:51 connection timeout
2014-05-05 02:14:51 trying connection 54.82.43.23:18334 lastseen=360904.5hrs
2014-05-05 02:14:56 connection timeout
2014-05-05 02:14:57 trying connection 184.72.188.154:18334 lastseen=360904.5hrs
2014-05-05 02:15:02 connection timeout
2014-05-05 02:15:23 BitcoinMiner:
2014-05-05 02:15:23 proof-of-work found  
  hash: 0000000050bbebd892b515c133f1a9f529b54da64de760eaf6dafef5d99ff1e1  
target: 00000000ffff0000000000000000000000000000000000000000000000000000
2014-05-05 02:15:23 CBlock(hash=0000000050bbebd892b515c133f1a9f529b54da64de760eaf6dafef5d99ff1e1, ver=2, hashPrevBlock=00000000d8fa2d5c668737476908152aeff9002f911ce1ef6a36a95a82417506, hashMerkleRoot=2224755a33c6efe7c934435533127fda6e56e971077175a0693ab3beeb394d7c, nTime=1399256123, nBits=1d00ffff, nNonce=2120544074, vtx=1)
2014-05-05 02:15:23   CTransaction(hash=2224755a33c6efe7c934435533127fda6e56e971077175a0693ab3beeb394d7c, ver=1, vin.size=1, vout.size=1, nLockTime=0)
    CTxIn(COutPoint(0000000000000000000000000000000000000000000000000000000000000000, 4294967295), coinbase 560101062f503253482f)
    CTxOut(nValue=50.00000000, scriptPubKey=033167ee68aee1464f2845d5c94860)
  vMerkleTree: 2224755a33c6efe7c934435533127fda6e56e971077175a0693ab3beeb394d7c 
2014-05-05 02:15:23 generated 50.00
2014-05-05 02:15:23 keypool keep 2
2014-05-05 02:15:23 AddToWallet 2224755a33c6efe7c934435533127fda6e56e971077175a0693ab3beeb394d7c  new
2014-05-05 02:15:23 SetBestChain: new best=0000000050bbebd892b515c133f1a9f529b54da64de760eaf6dafef5d99ff1e1  height=6  log2_work=34.966941  tx=7  date=2014-05-05 02:15:23 progress=0.000007
2014-05-05 02:15:23 ProcessBlock: ACCEPTED
2014-05-05 02:15:23 keypool added key 111, size=101
2014-05-05 02:15:23 keypool reserve 11
2014-05-05 02:15:23 CreateNewBlock(): total size 1000
2014-05-05 02:15:23 Running BitcoinMiner with 1 transactions in block (186 bytes)
2014-05-05 02:15:23 CreateNewBlock(): total size 1000
2014-05-05 02:15:23 Running BitcoinMiner with 1 transactions in block (186 bytes)
2014-05-05 02:15:23 CreateNewBlock(): total size 1000
2014-05-05 02:15:23 Running BitcoinMiner with 1 transactions in block (186 bytes)
2014-05-05 02:15:23 CreateNewBlock(): total size 1000
2014-05-05 02:15:23 Running BitcoinMiner with 1 transactions in block (186 bytes)
2014-05-05 02:15:23 received getdata for: block 0000000050bbebd892b515c133f1a9f529b54da64de760eaf6dafef5d99ff1e1
2014-05-05 02:15:25 Flushing wallet.dat
2014-05-05 02:15:25 Flushed wallet.dat 3ms
2014-05-05 02:17:02 trying connection 54.82.101.86:18334 lastseen=360904.5hrs
2014-05-05 02:17:07 connection timeout
2014-05-05 02:17:08 trying connection 54.82.43.23:18334 lastseen=360904.5hrs
2014-05-05 02:17:13 connection timeout
2014-05-05 02:17:13 trying connection 184.72.188.154:18334 lastseen=360904.5hrs
2014-05-05 02:17:18 connection timeout
2014-05-05 02:19:19 trying connection 54.82.101.86:18334 lastseen=360904.5hrs
2014-05-05 02:19:24 connection timeout
2014-05-05 02:19:24 trying connection 54.82.43.23:18334 lastseen=360904.5hrs
2014-05-05 02:19:29 connection timeout
2014-05-05 02:19:30 trying connection 184.72.188.154:18334 lastseen=360904.5hrs
2014-05-05 02:19:34 Flushed 4 addresses to peers.dat  4ms
2014-05-05 02:19:35 connection timeout
2014-05-05 02:19:50 hashmeter   2193 khash/s
2014-05-05 02:21:35 trying connection 54.82.101.86:18334 lastseen=360904.6hrs
2014-05-05 02:21:40 connection timeout
2014-05-05 02:21:41 trying connection 54.82.43.23:18334 lastseen=360904.6hrs
2014-05-05 02:21:46 connection timeout
2014-05-05 02:21:46 trying connection 184.72.188.154:18334 lastseen=360904.6hrs
2014-05-05 02:21:51 connection timeout
2014-05-05 02:23:52 trying connection 54.82.101.86:18334 lastseen=360904.6hrs
2014-05-05 02:23:57 connection timeout
2014-05-05 02:23:57 trying connection 54.82.43.23:18334 lastseen=360904.6hrs
2014-05-05 02:24:02 connection timeout
2014-05-05 02:24:03 trying connection 184.72.188.154:18334 lastseen=360904.6hrs
2014-05-05 02:24:08 connection timeout
2014-05-05 02:26:08 trying connection 54.82.101.86:18334 lastseen=360904.7hrs
2014-05-05 02:26:13 connection timeout
2014-05-05 02:26:14 trying connection 54.82.43.23:18334 lastseen=360904.7hrs
2014-05-05 02:26:19 connection timeout
2014-05-05 02:26:19 trying connection 184.72.188.154:18334 lastseen=360904.7hrs
2014-05-05 02:26:24 connection timeout
2014-05-05 02:28:25 trying connection 54.82.101.86:18334 lastseen=360904.7hrs
2014-05-05 02:28:30 connection timeout
2014-05-05 02:28:30 trying connection 54.82.43.23:18334 lastseen=360904.7hrs
2014-05-05 02:28:35 connection timeout
2014-05-05 02:28:36 trying connection 184.72.188.154:18334 lastseen=360904.7hrs
2014-05-05 02:28:41 connection timeout
2014-05-05 02:30:41 trying connection 54.82.101.86:18334 lastseen=360904.7hrs
2014-05-05 02:30:46 connection timeout
2014-05-05 02:30:47 trying connection 54.82.43.23:18334 lastseen=360904.7hrs
2014-05-05 02:30:52 connection timeout
2014-05-05 02:30:52 trying connection 184.72.188.154:18334 lastseen=360904.7hrs
2014-05-05 02:30:57 connection timeout
2014-05-05 02:32:58 trying connection 54.82.101.86:18334 lastseen=360904.8hrs
2014-05-05 02:33:03 connection timeout
2014-05-05 02:33:03 trying connection 54.82.43.23:18334 lastseen=360904.8hrs
2014-05-05 02:33:08 connection timeout
2014-05-05 02:33:09 trying connection 184.72.188.154:18334 lastseen=360904.8hrs
2014-05-05 02:33:14 connection timeout
2014-05-05 02:34:34 Flushed 4 addresses to peers.dat  3ms
2014-05-05 02:35:14 trying connection 54.82.101.86:18334 lastseen=360904.8hrs
2014-05-05 02:35:19 connection timeout
2014-05-05 02:35:20 trying connection 54.82.43.23:18334 lastseen=360904.8hrs
2014-05-05 02:35:25 connection timeout
2014-05-05 02:35:25 trying connection 184.72.188.154:18334 lastseen=360904.8hrs
2014-05-05 02:35:27 ThreadRPCServer method=setgenerate
2014-05-05 02:35:27 BitcoinMiner terminated
2014-05-05 02:35:27 keypool return 10
2014-05-05 02:35:27 BitcoinMiner terminated
2014-05-05 02:35:27 keypool return 9
2014-05-05 02:35:27 BitcoinMiner terminated
2014-05-05 02:35:27 keypool return 11
2014-05-05 02:35:27 BitcoinMiner terminated
2014-05-05 02:35:27 keypool return 6
2014-05-05 02:35:30 connection timeout
2014-05-05 02:36:18 ThreadRPCServer method=getbalance
2014-05-05 02:36:27 ThreadRPCServer method=getmininginfo
2014-05-05 02:37:31 trying connection 54.82.101.86:18334 lastseen=360904.8hrs
2014-05-05 02:37:36 connection timeout
2014-05-05 02:37:36 trying connection 54.82.43.23:18334 lastseen=360904.8hrs
2014-05-05 02:37:41 connection timeout
2014-05-05 02:37:42 trying connection 184.72.188.154:18334 lastseen=360904.9hrs
2014-05-05 02:37:47 connection timeout
2014-05-05 02:39:00 socket closed
2014-05-05 02:39:00 disconnecting node 54.82.172.237
2014-05-05 02:39:04 trying connection 54.82.172.237 lastseen=0.0hrs
2014-05-05 02:39:09 connection timeout
2014-05-05 02:39:15 trying connection 54.82.172.237 lastseen=0.0hrs
2014-05-05 02:39:20 connection timeout
2014-05-05 02:39:25 trying connection 54.82.172.237 lastseen=0.0hrs
2014-05-05 02:39:30 connection timeout
2014-05-05 02:39:36 trying connection 54.82.172.237 lastseen=0.0hrs
2014-05-05 02:39:41 connection timeout
2014-05-05 02:39:46 trying connection 54.82.172.237 lastseen=0.0hrs
2014-05-05 02:39:47 trying connection 54.82.101.86:18334 lastseen=360904.9hrs
2014-05-05 02:39:51 connection timeout
2014-05-05 02:39:52 connection timeout
2014-05-05 02:39:53 trying connection 54.82.43.23:18334 lastseen=360904.9hrs
2014-05-05 02:39:57 trying connection 54.82.172.237 lastseen=0.0hrs
2014-05-05 02:39:58 connection timeout
2014-05-05 02:39:58 trying connection 184.72.188.154:18334 lastseen=360904.9hrs
2014-05-05 02:40:02 connection timeout
2014-05-05 02:40:03 connection timeout
2014-05-05 02:40:07 trying connection 54.82.172.237 lastseen=0.0hrs
2014-05-05 02:40:12 connection timeout
2014-05-05 02:40:18 trying connection 54.82.172.237 lastseen=0.0hrs
2014-05-05 02:40:23 connection timeout
2014-05-05 02:40:28 trying connection 54.82.172.237 lastseen=0.0hrs
2014-05-05 02:40:33 connection timeout
2014-05-05 02:40:39 trying connection 54.82.172.237 lastseen=0.0hrs
2014-05-05 02:40:44 connection timeout
2014-05-05 02:40:49 trying connection 54.82.172.237 lastseen=0.0hrs
2014-05-05 02:40:54 connection timeout
2014-05-05 02:41:00 trying connection 54.82.172.237 lastseen=0.0hrs
2014-05-05 02:41:05 connection timeout
2014-05-05 02:41:10 trying connection 54.82.172.237 lastseen=0.0hrs
2014-05-05 02:41:15 connection timeout
2014-05-05 02:41:21 trying connection 54.82.172.237 lastseen=0.0hrs
2014-05-05 02:41:26 connection timeout
2014-05-05 02:41:31 trying connection 54.82.172.237 lastseen=0.0hrs
2014-05-05 02:41:36 connection timeout
2014-05-05 02:41:42 trying connection 54.82.172.237 lastseen=0.0hrs
2014-05-05 02:41:47 connection timeout
2014-05-05 02:41:52 trying connection 54.82.172.237 lastseen=0.0hrs
2014-05-05 02:41:57 connection timeout
2014-05-05 02:42:03 trying connection 54.82.172.237 lastseen=0.0hrs
2014-05-05 02:42:04 trying connection 54.82.101.86:18334 lastseen=360904.9hrs
2014-05-05 02:42:08 connection timeout
2014-05-05 02:42:09 connection timeout
2014-05-05 02:42:09 trying connection 54.82.43.23:18334 lastseen=360904.9hrs
2014-05-05 02:42:13 trying connection 54.82.172.237 lastseen=0.0hrs
2014-05-05 02:42:14 connection timeout
2014-05-05 02:42:15 trying connection 184.72.188.154:18334 lastseen=360904.9hrs
2014-05-05 02:42:18 connection timeout
2014-05-05 02:42:20 connection timeout
2014-05-05 02:42:24 trying connection 54.82.172.237 lastseen=0.0hrs
2014-05-05 02:42:29 connection timeout
2014-05-05 02:42:34 trying connection 54.82.172.237 lastseen=0.0hrs
2014-05-05 02:42:39 connection timeout
2014-05-05 02:42:45 trying connection 54.82.172.237 lastseen=0.0hrs
2014-05-05 02:42:50 connection timeout
2014-05-05 02:42:55 trying connection 54.82.172.237 lastseen=0.0hrs
2014-05-05 02:43:00 connection timeout
2014-05-05 02:43:06 trying connection 54.82.172.237 lastseen=0.0hrs
2014-05-05 02:43:11 connection timeout
2014-05-05 02:43:16 trying connection 54.82.172.237 lastseen=0.0hrs
2014-05-05 02:43:21 connection timeout
2014-05-05 02:43:27 trying connection 54.82.172.237 lastseen=0.0hrs
2014-05-05 02:43:32 connection timeout
2014-05-05 02:43:37 trying connection 54.82.172.237 lastseen=0.0hrs
2014-05-05 02:43:42 connection timeout
2014-05-05 02:43:48 trying connection 54.82.172.237 lastseen=0.0hrs
2014-05-05 02:43:53 connection timeout
2014-05-05 02:43:58 trying connection 54.82.172.237 lastseen=0.0hrs
2014-05-05 02:44:03 connection timeout
2014-05-05 02:44:09 trying connection 54.82.172.237 lastseen=0.0hrs
2014-05-05 02:44:14 connection timeout
2014-05-05 02:44:19 trying connection 54.82.172.237 lastseen=0.0hrs
2014-05-05 02:44:20 trying connection 54.82.101.86:18334 lastseen=360905.0hrs
2014-05-05 02:44:24 connection timeout
2014-05-05 02:44:25 connection timeout
2014-05-05 02:44:26 trying connection 54.82.43.23:18334 lastseen=360905.0hrs
2014-05-05 02:44:30 trying connection 54.82.172.237 lastseen=0.0hrs
2014-05-05 02:44:31 connection timeout
2014-05-05 02:44:31 trying connection 184.72.188.154:18334 lastseen=360905.0hrs
2014-05-05 02:44:35 connection timeout
2014-05-05 02:44:36 connection timeout
2014-05-05 02:44:40 trying connection 54.82.172.237 lastseen=0.0hrs
2014-05-05 02:44:45 connection timeout
2014-05-05 02:44:51 trying connection 54.82.172.237 lastseen=0.0hrs
2014-05-05 02:44:56 connection timeout
2014-05-05 02:45:01 trying connection 54.82.172.237 lastseen=0.0hrs
2014-05-05 02:45:06 connection timeout
2014-05-05 02:45:12 trying connection 54.82.172.237 lastseen=0.0hrs
2014-05-05 02:45:17 connection timeout
2014-05-05 02:45:22 trying connection 54.82.172.237 lastseen=0.0hrs
2014-05-05 02:45:27 connection timeout
2014-05-05 02:45:33 trying connection 54.82.172.237 lastseen=0.0hrs
2014-05-05 02:45:38 connection timeout
2014-05-05 02:45:43 trying connection 54.82.172.237 lastseen=0.0hrs
2014-05-05 02:45:48 connection timeout
2014-05-05 02:45:54 trying connection 54.82.172.237 lastseen=0.0hrs
2014-05-05 02:45:59 connection timeout
2014-05-05 02:46:04 trying connection 54.82.172.237 lastseen=0.0hrs
2014-05-05 02:46:09 connection timeout
2014-05-05 02:46:15 trying connection 54.82.172.237 lastseen=0.0hrs
2014-05-05 02:46:20 connection timeout
2014-05-05 02:46:25 trying connection 54.82.172.237 lastseen=0.0hrs
2014-05-05 02:46:30 connection timeout
2014-05-05 02:46:36 trying connection 54.82.172.237 lastseen=0.0hrs
2014-05-05 02:46:37 trying connection 54.82.101.86:18334 lastseen=360905.0hrs
2014-05-05 02:46:41 connection timeout
2014-05-05 02:46:42 connection timeout
2014-05-05 02:46:42 trying connection 54.82.43.23:18334 lastseen=360905.0hrs
2014-05-05 02:46:46 trying connection 54.82.172.237 lastseen=0.0hrs
2014-05-05 02:46:47 connection timeout
2014-05-05 02:46:48 trying connection 184.72.188.154:18334 lastseen=360905.0hrs
2014-05-05 02:46:51 connection timeout
2014-05-05 02:46:53 connection timeout
2014-05-05 02:46:57 trying connection 54.82.172.237 lastseen=0.0hrs
2014-05-05 02:47:02 connection timeout
2014-05-05 02:47:07 trying connection 54.82.172.237 lastseen=0.0hrs
2014-05-05 02:47:12 connection timeout
2014-05-05 02:47:18 trying connection 54.82.172.237 lastseen=0.0hrs
2014-05-05 02:47:23 connection timeout
2014-05-05 02:47:28 trying connection 54.82.172.237 lastseen=0.0hrs
2014-05-05 02:47:33 connection timeout
2014-05-05 02:47:39 trying connection 54.82.172.237 lastseen=0.0hrs
2014-05-05 02:47:44 connection timeout
2014-05-05 02:47:49 trying connection 54.82.172.237 lastseen=0.0hrs
2014-05-05 02:47:54 connection timeout
2014-05-05 02:48:00 trying connection 54.82.172.237 lastseen=0.0hrs
2014-05-05 02:48:05 connection timeout
2014-05-05 02:48:10 trying connection 54.82.172.237 lastseen=0.0hrs
2014-05-05 02:48:15 connection timeout
2014-05-05 02:48:21 trying connection 54.82.172.237 lastseen=0.0hrs
2014-05-05 02:48:26 connection timeout
2014-05-05 02:48:31 trying connection 54.82.172.237 lastseen=0.0hrs
2014-05-05 02:48:36 connection timeout
2014-05-05 02:48:42 trying connection 54.82.172.237 lastseen=0.0hrs
2014-05-05 02:48:47 connection timeout
2014-05-05 02:48:52 trying connection 54.82.172.237 lastseen=0.0hrs
2014-05-05 02:48:53 trying connection 54.82.101.86:18334 lastseen=360905.0hrs
2014-05-05 02:48:57 connection timeout
2014-05-05 02:48:58 connection timeout
2014-05-05 02:48:59 trying connection 54.82.43.23:18334 lastseen=360905.0hrs
2014-05-05 02:49:03 trying connection 54.82.172.237 lastseen=0.0hrs
2014-05-05 02:49:04 connection timeout
2014-05-05 02:49:04 trying connection 184.72.188.154:18334 lastseen=360905.0hrs
2014-05-05 02:49:08 connection timeout
2014-05-05 02:49:09 connection timeout
2014-05-05 02:49:13 Shutdown : In progress...
2014-05-05 02:49:13 dumpaddr thread stop
2014-05-05 02:49:13 msghand thread interrupt
2014-05-05 02:49:13 opencon thread interrupt
2014-05-05 02:49:13 addcon thread interrupt
2014-05-05 02:49:13 Flush(false)
2014-05-05 02:49:13 DBFlush(false) ended               0ms
2014-05-05 02:49:13 StopNode()
2014-05-05 02:49:13 net thread interrupt
2014-05-05 02:49:13 Flushed 4 addresses to peers.dat  2ms
2014-05-05 02:49:13 Committing 6 changed transactions to coin database...
2014-05-05 02:49:13 Flush(true)
2014-05-05 02:49:13 wallet.dat refcount=0
2014-05-05 02:49:13 wallet.dat checkpoint
2014-05-05 02:49:13 wallet.dat detach
2014-05-05 02:49:13 wallet.dat closed
2014-05-05 02:49:13 DBFlush(true) ended               2ms
2014-05-05 02:49:13 Shutdown : done
